# JRE version: OpenJDK Runtime Environment (11.0.6+10) (build 11.0.6+10-post-Debian-1bpo91)
# Java VM: OpenJDK 64-Bit Server VM (11.0.6+10-post-Debian-1bpo91, mixed mode, sharing, tiered, compressed oops, serial gc, linux-amd64)
Heap:
 def new generation   total 10240K, used 2163K [0x00000000e0c00000, 0x00000000e1710000, 0x00000000eb2a0000)
  eden space 9152K,  23% used [0x00000000e0c00000, 0x00000000e0e1cce0, 0x00000000e14f0000)
  from space 1088K,   0% used [0x00000000e14f0000, 0x00000000e14f0000, 0x00000000e1600000)
  to   space 1088K,   0% used [0x00000000e1600000, 0x00000000e1600000, 0x00000000e1710000)
 tenured generation   total 22636K, used 13580K [0x00000000eb2a0000, 0x00000000ec8bb000, 0x0000000100000000)
   the space 22636K,  59% used [0x00000000eb2a0000, 0x00000000ebfe3290, 0x00000000ebfe3400, 0x00000000ec8bb000)
 Metaspace       used 20964K, capacity 21694K, committed 21808K, reserved 1069056K
  class space    used 2414K, capacity 2664K, committed 2688K, reserved 1048576K
GC Heap History (20 events):
Event: 3.539 GC heap before
{Heap before GC invocations=12 (full 0):
 def new generation   total 9792K, used 9661K [0x00000000e0c00000, 0x00000000e16a0000, 0x00000000eb2a0000)
  eden space 8704K, 100% used [0x00000000e0c00000, 0x00000000e1480000, 0x00000000e1480000)
  from space 1088K,  88% used [0x00000000e1480000, 0x00000000e156f728, 0x00000000e1590000)
  to   space 1088K,   0% used [0x00000000e1590000, 0x00000000e1590000, 0x00000000e16a0000)
 tenured generation   total 21888K, used 7339K [0x00000000eb2a0000, 0x00000000ec800000, 0x0000000100000000)
   the space 21888K,  33% used [0x00000000eb2a0000, 0x00000000eb9caf10, 0x00000000eb9cb000, 0x00000000ec800000)
 Metaspace       used 14084K, capacity 15629K, committed 15744K, reserved 1062912K
  class space    used 1609K, capacity 1831K, committed 1920K, reserved 1048576K
}
Event: 3.542 GC heap after
{Heap after GC invocations=13 (full 0):
 def new generation   total 9792K, used 840K [0x00000000e0c00000, 0x00000000e16a0000, 0x00000000eb2a0000)
  eden space 8704K,   0% used [0x00000000e0c00000, 0x00000000e0c00000, 0x00000000e1480000)
  from space 1088K,  77% used [0x00000000e1590000, 0x00000000e1662168, 0x00000000e16a0000)
  to   space 1088K,   0% used [0x00000000e1480000, 0x00000000e1480000, 0x00000000e1590000)
 tenured generation   total 21888K, used 7800K [0x00000000eb2a0000, 0x00000000ec800000, 0x0000000100000000)
   the space 21888K,  35% used [0x00000000eb2a0000, 0x00000000eba3e2e8, 0x00000000eba3e400, 0x00000000ec800000)
 Metaspace       used 14084K, capacity 15629K, committed 15744K, reserved 1062912K
  class space    used 1609K, capacity 1831K, committed 1920K, reserved 1048576K
}
Event: 3.832 GC heap before
{Heap before GC invocations=13 (full 0):
 def new generation   total 9792K, used 9544K [0x00000000e0c00000, 0x00000000e16a0000, 0x00000000eb2a0000)
  eden space 8704K, 100% used [0x00000000e0c00000, 0x00000000e1480000, 0x00000000e1480000)
  from space 1088K,  77% used [0x00000000e1590000, 0x00000000e1662168, 0x00000000e16a0000)
  to   space 1088K,   0% used [0x00000000e1480000, 0x00000000e1480000, 0x00000000e1590000)
 tenured generation   total 21888K, used 7800K [0x00000000eb2a0000, 0x00000000ec800000, 0x0000000100000000)
   the space 21888K,  35% used [0x00000000eb2a0000, 0x00000000eba3e2e8, 0x00000000eba3e400, 0x00000000ec800000)
 Metaspace       used 14502K, capacity 15985K, committed 16256K, reserved 1062912K
  class space    used 1638K, capacity 1867K, committed 1920K, reserved 1048576K
}
Event: 3.837 GC heap after
{Heap after GC invocations=14 (full 0):
 def new generation   total 9792K, used 987K [0x00000000e0c00000, 0x00000000e16a0000, 0x00000000eb2a0000)
  eden space 8704K,   0% used [0x00000000e0c00000, 0x00000000e0c00000, 0x00000000e1480000)
  from space 1088K,  90% used [0x00000000e1480000, 0x00000000e1576e30, 0x00000000e1590000)
  to   space 1088K,   0% used [0x00000000e1590000, 0x00000000e1590000, 0x00000000e16a0000)
 tenured generation   total 21888K, used 8175K [0x00000000eb2a0000, 0x00000000ec800000, 0x0000000100000000)
   the space 21888K,  37% used [0x00000000eb2a0000, 0x00000000eba9bfc8, 0x00000000eba9c000, 0x00000000ec800000)
 Metaspace       used 14502K, capacity 15985K, committed 16256K, reserved 1062912K
  class space    used 1638K, capacity 1867K, committed 1920K, reserved 1048576K
}
Event: 4.025 GC heap before
{Heap before GC invocations=14 (full 0):
 def new generation   total 9792K, used 9691K [0x00000000e0c00000, 0x00000000e16a0000, 0x00000000eb2a0000)
  eden space 8704K, 100% used [0x00000000e0c00000, 0x00000000e1480000, 0x00000000e1480000)
  from space 1088K,  90% used [0x00000000e1480000, 0x00000000e1576e30, 0x00000000e1590000)
  to   space 1088K,   0% used [0x00000000e1590000, 0x00000000e1590000, 0x00000000e16a0000)
 tenured generation   total 21888K, used 8175K [0x00000000eb2a0000, 0x00000000ec800000, 0x0000000100000000)
   the space 21888K,  37% used [0x00000000eb2a0000, 0x00000000eba9bfc8, 0x00000000eba9c000, 0x00000000ec800000)
 Metaspace       used 14973K, capacity 16422K, committed 16512K, reserved 1064960K
  class space    used 1665K, capacity 1902K, committed 1920K, reserved 1048576K
}
Event: 4.030 GC heap after
{Heap after GC invocations=15 (full 0):
 def new generation   total 9792K, used 547K [0x00000000e0c00000, 0x00000000e16a0000, 0x00000000eb2a0000)
  eden space 8704K,   0% used [0x00000000e0c00000, 0x00000000e0c00000, 0x00000000e1480000)
  from space 1088K,  50% used [0x00000000e1590000, 0x00000000e1618de8, 0x00000000e16a0000)
  to   space 1088K,   0% used [0x00000000e1480000, 0x00000000e1480000, 0x00000000e1590000)
 tenured generation   total 21888K, used 9120K [0x00000000eb2a0000, 0x00000000ec800000, 0x0000000100000000)
   the space 21888K,  41% used [0x00000000eb2a0000, 0x00000000ebb88390, 0x00000000ebb88400, 0x00000000ec800000)
 Metaspace       used 14973K, capacity 16422K, committed 16512K, reserved 1064960K
  class space    used 1665K, capacity 1902K, committed 1920K, reserved 1048576K
}
Event: 4.145 GC heap before
{Heap before GC invocations=15 (full 0):
 def new generation   total 9792K, used 9251K [0x00000000e0c00000, 0x00000000e16a0000, 0x00000000eb2a0000)
  eden space 8704K, 100% used [0x00000000e0c00000, 0x00000000e1480000, 0x00000000e1480000)
  from space 1088K,  50% used [0x00000000e1590000, 0x00000000e1618de8, 0x00000000e16a0000)
  to   space 1088K,   0% used [0x00000000e1480000, 0x00000000e1480000, 0x00000000e1590000)
 tenured generation   total 21888K, used 9120K [0x00000000eb2a0000, 0x00000000ec800000, 0x0000000100000000)
   the space 21888K,  41% used [0x00000000eb2a0000, 0x00000000ebb88390, 0x00000000ebb88400, 0x00000000ec800000)
 Metaspace       used 15603K, capacity 17202K, committed 17536K, reserved 1064960K
  class space    used 1785K, capacity 2078K, committed 2176K, reserved 1048576K
}
Event: 4.149 GC heap after
{Heap after GC invocations=16 (full 0):
 def new generation   total 9792K, used 481K [0x00000000e0c00000, 0x00000000e16a0000, 0x00000000eb2a0000)
  eden space 8704K,   0% used [0x00000000e0c00000, 0x00000000e0c00000, 0x00000000e1480000)
  from space 1088K,  44% used [0x00000000e1480000, 0x00000000e14f86c8, 0x00000000e1590000)
  to   space 1088K,   0% used [0x00000000e1590000, 0x00000000e1590000, 0x00000000e16a0000)
 tenured generation   total 21888K, used 9616K [0x00000000eb2a0000, 0x00000000ec800000, 0x0000000100000000)
   the space 21888K,  43% used [0x00000000eb2a0000, 0x00000000ebc04088, 0x00000000ebc04200, 0x00000000ec800000)
 Metaspace       used 15603K, capacity 17202K, committed 17536K, reserved 1064960K
  class space    used 1785K, capacity 2078K, committed 2176K, reserved 1048576K
}
Event: 4.411 GC heap before
{Heap before GC invocations=16 (full 0):
 def new generation   total 9792K, used 9185K [0x00000000e0c00000, 0x00000000e16a0000, 0x00000000eb2a0000)
  eden space 8704K, 100% used [0x00000000e0c00000, 0x00000000e1480000, 0x00000000e1480000)
  from space 1088K,  44% used [0x00000000e1480000, 0x00000000e14f86c8, 0x00000000e1590000)
  to   space 1088K,   0% used [0x00000000e1590000, 0x00000000e1590000, 0x00000000e16a0000)
 tenured generation   total 21888K, used 9616K [0x00000000eb2a0000, 0x00000000ec800000, 0x0000000100000000)
   the space 21888K,  43% used [0x00000000eb2a0000, 0x00000000ebc04088, 0x00000000ebc04200, 0x00000000ec800000)
 Metaspace       used 17401K, capacity 18385K, committed 18432K, reserved 1064960K
  class space    used 2002K, capacity 2261K, committed 2304K, reserved 1048576K
}
Event: 4.415 GC heap after
{Heap after GC invocations=17 (full 0):
 def new generation   total 9792K, used 1087K [0x00000000e0c00000, 0x00000000e16a0000, 0x00000000eb2a0000)
  eden space 8704K,   0% used [0x00000000e0c00000, 0x00000000e0c00000, 0x00000000e1480000)
  from space 1088K,  99% used [0x00000000e1590000, 0x00000000e169fff8, 0x00000000e16a0000)
  to   space 1088K,   0% used [0x00000000e1480000, 0x00000000e1480000, 0x00000000e1590000)
 tenured generation   total 21888K, used 9622K [0x00000000eb2a0000, 0x00000000ec800000, 0x0000000100000000)
   the space 21888K,  43% used [0x00000000eb2a0000, 0x00000000ebc059e8, 0x00000000ebc05a00, 0x00000000ec800000)
 Metaspace       used 17401K, capacity 18385K, committed 18432K, reserved 1064960K
  class space    used 2002K, capacity 2261K, committed 2304K, reserved 1048576K
}
Event: 4.802 GC heap before
{Heap before GC invocations=17 (full 0):
 def new generation   total 9792K, used 9791K [0x00000000e0c00000, 0x00000000e16a0000, 0x00000000eb2a0000)
  eden space 8704K, 100% used [0x00000000e0c00000, 0x00000000e1480000, 0x00000000e1480000)
  from space 1088K,  99% used [0x00000000e1590000, 0x00000000e169fff8, 0x00000000e16a0000)
  to   space 1088K,   0% used [0x00000000e1480000, 0x00000000e1480000, 0x00000000e1590000)
 tenured generation   total 21888K, used 9622K [0x00000000eb2a0000, 0x00000000ec800000, 0x0000000100000000)
   the space 21888K,  43% used [0x00000000eb2a0000, 0x00000000ebc059e8, 0x00000000ebc05a00, 0x00000000ec800000)
 Metaspace       used 17705K, capacity 18546K, committed 18688K, reserved 1064960K
  class space    used 2027K, capacity 2271K, committed 2304K, reserved 1048576K
}
Event: 4.808 GC heap after
{Heap after GC invocations=18 (full 0):
 def new generation   total 9792K, used 929K [0x00000000e0c00000, 0x00000000e16a0000, 0x00000000eb2a0000)
  eden space 8704K,   0% used [0x00000000e0c00000, 0x00000000e0c00000, 0x00000000e1480000)
  from space 1088K,  85% used [0x00000000e1480000, 0x00000000e1568538, 0x00000000e1590000)
  to   space 1088K,   0% used [0x00000000e1590000, 0x00000000e1590000, 0x00000000e16a0000)
 tenured generation   total 21888K, used 10678K [0x00000000eb2a0000, 0x00000000ec800000, 0x0000000100000000)
   the space 21888K,  48% used [0x00000000eb2a0000, 0x00000000ebd0dbe8, 0x00000000ebd0dc00, 0x00000000ec800000)
 Metaspace       used 17705K, capacity 18546K, committed 18688K, reserved 1064960K
  class space    used 2027K, capacity 2271K, committed 2304K, reserved 1048576K
}
Event: 4.955 GC heap before
{Heap before GC invocations=18 (full 0):
 def new generation   total 9792K, used 9633K [0x00000000e0c00000, 0x00000000e16a0000, 0x00000000eb2a0000)
  eden space 8704K, 100% used [0x00000000e0c00000, 0x00000000e1480000, 0x00000000e1480000)
  from space 1088K,  85% used [0x00000000e1480000, 0x00000000e1568538, 0x00000000e1590000)
  to   space 1088K,   0% used [0x00000000e1590000, 0x00000000e1590000, 0x00000000e16a0000)
 tenured generation   total 21888K, used 10678K [0x00000000eb2a0000, 0x00000000ec800000, 0x0000000100000000)
   the space 21888K,  48% used [0x00000000eb2a0000, 0x00000000ebd0dbe8, 0x00000000ebd0dc00, 0x00000000ec800000)
 Metaspace       used 17785K, capacity 18617K, committed 18688K, reserved 1064960K
  class space    used 2029K, capacity 2273K, committed 2304K, reserved 1048576K
}
Event: 4.962 GC heap after
{Heap after GC invocations=19 (full 0):
 def new generation   total 9792K, used 518K [0x00000000e0c00000, 0x00000000e16a0000, 0x00000000eb2a0000)
  eden space 8704K,   0% used [0x00000000e0c00000, 0x00000000e0c00000, 0x00000000e1480000)
  from space 1088K,  47% used [0x00000000e1590000, 0x00000000e1611820, 0x00000000e16a0000)
  to   space 1088K,   0% used [0x00000000e1480000, 0x00000000e1480000, 0x00000000e1590000)
 tenured generation   total 21888K, used 11464K [0x00000000eb2a0000, 0x00000000ec800000, 0x0000000100000000)
   the space 21888K,  52% used [0x00000000eb2a0000, 0x00000000ebdd2030, 0x00000000ebdd2200, 0x00000000ec800000)
 Metaspace       used 17785K, capacity 18617K, committed 18688K, reserved 1064960K
  class space    used 2029K, capacity 2273K, committed 2304K, reserved 1048576K
}
Event: 5.152 GC heap before
{Heap before GC invocations=19 (full 0):
 def new generation   total 9792K, used 9222K [0x00000000e0c00000, 0x00000000e16a0000, 0x00000000eb2a0000)
  eden space 8704K, 100% used [0x00000000e0c00000, 0x00000000e1480000, 0x00000000e1480000)
  from space 1088K,  47% used [0x00000000e1590000, 0x00000000e1611820, 0x00000000e16a0000)
  to   space 1088K,   0% used [0x00000000e1480000, 0x00000000e1480000, 0x00000000e1590000)
 tenured generation   total 21888K, used 11464K [0x00000000eb2a0000, 0x00000000ec800000, 0x0000000100000000)
   the space 21888K,  52% used [0x00000000eb2a0000, 0x00000000ebdd2030, 0x00000000ebdd2200, 0x00000000ec800000)
 Metaspace       used 17931K, capacity 18704K, committed 18944K, reserved 1067008K
  class space    used 2034K, capacity 2279K, committed 2304K, reserved 1048576K
}
Event: 5.157 GC heap after
{Heap after GC invocations=20 (full 0):
 def new generation   total 9792K, used 925K [0x00000000e0c00000, 0x00000000e16a0000, 0x00000000eb2a0000)
  eden space 8704K,   0% used [0x00000000e0c00000, 0x00000000e0c00000, 0x00000000e1480000)
  from space 1088K,  85% used [0x00000000e1480000, 0x00000000e1567708, 0x00000000e1590000)
  to   space 1088K,   0% used [0x00000000e1590000, 0x00000000e1590000, 0x00000000e16a0000)
 tenured generation   total 21888K, used 11464K [0x00000000eb2a0000, 0x00000000ec800000, 0x0000000100000000)
   the space 21888K,  52% used [0x00000000eb2a0000, 0x00000000ebdd2030, 0x00000000ebdd2200, 0x00000000ec800000)
 Metaspace       used 17931K, capacity 18704K, committed 18944K, reserved 1067008K
  class space    used 2034K, capacity 2279K, committed 2304K, reserved 1048576K
}
Event: 6.000 GC heap before
{Heap before GC invocations=20 (full 0):
 def new generation   total 9792K, used 9629K [0x00000000e0c00000, 0x00000000e16a0000, 0x00000000eb2a0000)
  eden space 8704K, 100% used [0x00000000e0c00000, 0x00000000e1480000, 0x00000000e1480000)
  from space 1088K,  85% used [0x00000000e1480000, 0x00000000e1567708, 0x00000000e1590000)
  to   space 1088K,   0% used [0x00000000e1590000, 0x00000000e1590000, 0x00000000e16a0000)
 tenured generation   total 21888K, used 11464K [0x00000000eb2a0000, 0x00000000ec800000, 0x0000000100000000)
   the space 21888K,  52% used [0x00000000eb2a0000, 0x00000000ebdd2030, 0x00000000ebdd2200, 0x00000000ec800000)
 Metaspace       used 18968K, capacity 19666K, committed 19840K, reserved 1067008K
  class space    used 2187K, capacity 2429K, committed 2432K, reserved 1048576K
}
Event: 6.004 GC heap after
{Heap after GC invocations=21 (full 0):
 def new generation   total 9792K, used 1088K [0x00000000e0c00000, 0x00000000e16a0000, 0x00000000eb2a0000)
  eden space 8704K,   0% used [0x00000000e0c00000, 0x00000000e0c00000, 0x00000000e1480000)
  from space 1088K, 100% used [0x00000000e1590000, 0x00000000e16a0000, 0x00000000e16a0000)
  to   space 1088K,   0% used [0x00000000e1480000, 0x00000000e1480000, 0x00000000e1590000)
 tenured generation   total 21888K, used 12244K [0x00000000eb2a0000, 0x00000000ec800000, 0x0000000100000000)
   the space 21888K,  55% used [0x00000000eb2a0000, 0x00000000ebe950e0, 0x00000000ebe95200, 0x00000000ec800000)
 Metaspace       used 18968K, capacity 19666K, committed 19840K, reserved 1067008K
  class space    used 2187K, capacity 2429K, committed 2432K, reserved 1048576K
}
Event: 6.678 GC heap before
{Heap before GC invocations=21 (full 0):
 def new generation   total 9792K, used 3813K [0x00000000e0c00000, 0x00000000e16a0000, 0x00000000eb2a0000)
  eden space 8704K,  31% used [0x00000000e0c00000, 0x00000000e0ea94b8, 0x00000000e1480000)
  from space 1088K, 100% used [0x00000000e1590000, 0x00000000e16a0000, 0x00000000e16a0000)
  to   space 1088K,   0% used [0x00000000e1480000, 0x00000000e1480000, 0x00000000e1590000)
 tenured generation   total 21888K, used 12244K [0x00000000eb2a0000, 0x00000000ec800000, 0x0000000100000000)
   the space 21888K,  55% used [0x00000000eb2a0000, 0x00000000ebe950e0, 0x00000000ebe95200, 0x00000000ec800000)
 Metaspace       used 20453K, capacity 21097K, committed 21296K, reserved 1069056K
  class space    used 2347K, capacity 2570K, committed 2688K, reserved 1048576K
}
Event: 6.718 GC heap after
{Heap after GC invocations=22 (full 1):
 def new generation   total 10240K, used 0K [0x00000000e0c00000, 0x00000000e1710000, 0x00000000eb2a0000)
  eden space 9152K,   0% used [0x00000000e0c00000, 0x00000000e0c00000, 0x00000000e14f0000)
  from space 1088K,   0% used [0x00000000e14f0000, 0x00000000e14f0000, 0x00000000e1600000)
  to   space 1088K,   0% used [0x00000000e1600000, 0x00000000e1600000, 0x00000000e1710000)
 tenured generation   total 22636K, used 13580K [0x00000000eb2a0000, 0x00000000ec8bb000, 0x0000000100000000)
   the space 22636K,  59% used [0x00000000eb2a0000, 0x00000000ebfe3290, 0x00000000ebfe3400, 0x00000000ec8bb000)
 Metaspace       used 20453K, capacity 21097K, committed 21296K, reserved 1069056K
  class space    used 2347K, capacity 2570K, committed 2688K, reserved 1048576K
}

