# JRE version: OpenJDK Runtime Environment (11.0.6+10) (build 11.0.6+10-post-Debian-1bpo91)
# Java VM: OpenJDK 64-Bit Server VM (11.0.6+10-post-Debian-1bpo91, mixed mode, sharing, tiered, compressed oops, serial gc, linux-amd64)
Heap:
 def new generation   total 10304K, used 2212K [0x00000000e0c00000, 0x00000000e1720000, 0x00000000eb2a0000)
  eden space 9216K,  24% used [0x00000000e0c00000, 0x00000000e0e29228, 0x00000000e1500000)
  from space 1088K,   0% used [0x00000000e1500000, 0x00000000e1500000, 0x00000000e1610000)
  to   space 1088K,   0% used [0x00000000e1610000, 0x00000000e1610000, 0x00000000e1720000)
 tenured generation   total 22764K, used 13657K [0x00000000eb2a0000, 0x00000000ec8db000, 0x0000000100000000)
   the space 22764K,  59% used [0x00000000eb2a0000, 0x00000000ebff6720, 0x00000000ebff6800, 0x00000000ec8db000)
 Metaspace       used 20915K, capacity 21630K, committed 21808K, reserved 1069056K
  class space    used 2414K, capacity 2664K, committed 2688K, reserved 1048576K
GC Heap History (20 events):
Event: 3.463 GC heap before
{Heap before GC invocations=12 (full 0):
 def new generation   total 9792K, used 9591K [0x00000000e0c00000, 0x00000000e16a0000, 0x00000000eb2a0000)
  eden space 8704K, 100% used [0x00000000e0c00000, 0x00000000e1480000, 0x00000000e1480000)
  from space 1088K,  81% used [0x00000000e1480000, 0x00000000e155dc08, 0x00000000e1590000)
  to   space 1088K,   0% used [0x00000000e1590000, 0x00000000e1590000, 0x00000000e16a0000)
 tenured generation   total 21888K, used 7405K [0x00000000eb2a0000, 0x00000000ec800000, 0x0000000100000000)
   the space 21888K,  33% used [0x00000000eb2a0000, 0x00000000eb9db600, 0x00000000eb9db600, 0x00000000ec800000)
 Metaspace       used 14033K, capacity 15569K, committed 15744K, reserved 1062912K
  class space    used 1613K, capacity 1835K, committed 1920K, reserved 1048576K
}
Event: 3.467 GC heap after
{Heap after GC invocations=13 (full 0):
 def new generation   total 9792K, used 919K [0x00000000e0c00000, 0x00000000e16a0000, 0x00000000eb2a0000)
  eden space 8704K,   0% used [0x00000000e0c00000, 0x00000000e0c00000, 0x00000000e1480000)
  from space 1088K,  84% used [0x00000000e1590000, 0x00000000e1675e08, 0x00000000e16a0000)
  to   space 1088K,   0% used [0x00000000e1480000, 0x00000000e1480000, 0x00000000e1590000)
 tenured generation   total 21888K, used 7824K [0x00000000eb2a0000, 0x00000000ec800000, 0x0000000100000000)
   the space 21888K,  35% used [0x00000000eb2a0000, 0x00000000eba440b0, 0x00000000eba44200, 0x00000000ec800000)
 Metaspace       used 14033K, capacity 15569K, committed 15744K, reserved 1062912K
  class space    used 1613K, capacity 1835K, committed 1920K, reserved 1048576K
}
Event: 3.706 GC heap before
{Heap before GC invocations=13 (full 0):
 def new generation   total 9792K, used 9623K [0x00000000e0c00000, 0x00000000e16a0000, 0x00000000eb2a0000)
  eden space 8704K, 100% used [0x00000000e0c00000, 0x00000000e1480000, 0x00000000e1480000)
  from space 1088K,  84% used [0x00000000e1590000, 0x00000000e1675e08, 0x00000000e16a0000)
  to   space 1088K,   0% used [0x00000000e1480000, 0x00000000e1480000, 0x00000000e1590000)
 tenured generation   total 21888K, used 7824K [0x00000000eb2a0000, 0x00000000ec800000, 0x0000000100000000)
   the space 21888K,  35% used [0x00000000eb2a0000, 0x00000000eba440b0, 0x00000000eba44200, 0x00000000ec800000)
 Metaspace       used 14512K, capacity 16099K, committed 16256K, reserved 1062912K
  class space    used 1645K, capacity 1901K, committed 1920K, reserved 1048576K
}
Event: 3.712 GC heap after
{Heap after GC invocations=14 (full 0):
 def new generation   total 9792K, used 1011K [0x00000000e0c00000, 0x00000000e16a0000, 0x00000000eb2a0000)
  eden space 8704K,   0% used [0x00000000e0c00000, 0x00000000e0c00000, 0x00000000e1480000)
  from space 1088K,  93% used [0x00000000e1480000, 0x00000000e157cfe0, 0x00000000e1590000)
  to   space 1088K,   0% used [0x00000000e1590000, 0x00000000e1590000, 0x00000000e16a0000)
 tenured generation   total 21888K, used 8205K [0x00000000eb2a0000, 0x00000000ec800000, 0x0000000100000000)
   the space 21888K,  37% used [0x00000000eb2a0000, 0x00000000ebaa36a8, 0x00000000ebaa3800, 0x00000000ec800000)
 Metaspace       used 14512K, capacity 16099K, committed 16256K, reserved 1062912K
  class space    used 1645K, capacity 1901K, committed 1920K, reserved 1048576K
}
Event: 3.888 GC heap before
{Heap before GC invocations=14 (full 0):
 def new generation   total 9792K, used 9715K [0x00000000e0c00000, 0x00000000e16a0000, 0x00000000eb2a0000)
  eden space 8704K, 100% used [0x00000000e0c00000, 0x00000000e1480000, 0x00000000e1480000)
  from space 1088K,  93% used [0x00000000e1480000, 0x00000000e157cfe0, 0x00000000e1590000)
  to   space 1088K,   0% used [0x00000000e1590000, 0x00000000e1590000, 0x00000000e16a0000)
 tenured generation   total 21888K, used 8205K [0x00000000eb2a0000, 0x00000000ec800000, 0x0000000100000000)
   the space 21888K,  37% used [0x00000000eb2a0000, 0x00000000ebaa36a8, 0x00000000ebaa3800, 0x00000000ec800000)
 Metaspace       used 14845K, capacity 16372K, committed 16512K, reserved 1064960K
  class space    used 1665K, capacity 1904K, committed 1920K, reserved 1048576K
}
Event: 3.893 GC heap after
{Heap after GC invocations=15 (full 0):
 def new generation   total 9792K, used 950K [0x00000000e0c00000, 0x00000000e16a0000, 0x00000000eb2a0000)
  eden space 8704K,   0% used [0x00000000e0c00000, 0x00000000e0c00000, 0x00000000e1480000)
  from space 1088K,  87% used [0x00000000e1590000, 0x00000000e167daf0, 0x00000000e16a0000)
  to   space 1088K,   0% used [0x00000000e1480000, 0x00000000e1480000, 0x00000000e1590000)
 tenured generation   total 21888K, used 8721K [0x00000000eb2a0000, 0x00000000ec800000, 0x0000000100000000)
   the space 21888K,  39% used [0x00000000eb2a0000, 0x00000000ebb245c0, 0x00000000ebb24600, 0x00000000ec800000)
 Metaspace       used 14845K, capacity 16372K, committed 16512K, reserved 1064960K
  class space    used 1665K, capacity 1904K, committed 1920K, reserved 1048576K
}
Event: 4.107 GC heap before
{Heap before GC invocations=15 (full 0):
 def new generation   total 9792K, used 9654K [0x00000000e0c00000, 0x00000000e16a0000, 0x00000000eb2a0000)
  eden space 8704K, 100% used [0x00000000e0c00000, 0x00000000e1480000, 0x00000000e1480000)
  from space 1088K,  87% used [0x00000000e1590000, 0x00000000e167daf0, 0x00000000e16a0000)
  to   space 1088K,   0% used [0x00000000e1480000, 0x00000000e1480000, 0x00000000e1590000)
 tenured generation   total 21888K, used 8721K [0x00000000eb2a0000, 0x00000000ec800000, 0x0000000100000000)
   the space 21888K,  39% used [0x00000000eb2a0000, 0x00000000ebb245c0, 0x00000000ebb24600, 0x00000000ec800000)
 Metaspace       used 15653K, capacity 17170K, committed 17280K, reserved 1064960K
  class space    used 1803K, capacity 2110K, committed 2176K, reserved 1048576K
}
Event: 4.111 GC heap after
{Heap after GC invocations=16 (full 0):
 def new generation   total 9792K, used 904K [0x00000000e0c00000, 0x00000000e16a0000, 0x00000000eb2a0000)
  eden space 8704K,   0% used [0x00000000e0c00000, 0x00000000e0c00000, 0x00000000e1480000)
  from space 1088K,  83% used [0x00000000e1480000, 0x00000000e1562270, 0x00000000e1590000)
  to   space 1088K,   0% used [0x00000000e1590000, 0x00000000e1590000, 0x00000000e16a0000)
 tenured generation   total 21888K, used 9186K [0x00000000eb2a0000, 0x00000000ec800000, 0x0000000100000000)
   the space 21888K,  41% used [0x00000000eb2a0000, 0x00000000ebb98950, 0x00000000ebb98a00, 0x00000000ec800000)
 Metaspace       used 15653K, capacity 17170K, committed 17280K, reserved 1064960K
  class space    used 1803K, capacity 2110K, committed 2176K, reserved 1048576K
}
Event: 4.776 GC heap before
{Heap before GC invocations=16 (full 0):
 def new generation   total 9792K, used 9608K [0x00000000e0c00000, 0x00000000e16a0000, 0x00000000eb2a0000)
  eden space 8704K, 100% used [0x00000000e0c00000, 0x00000000e1480000, 0x00000000e1480000)
  from space 1088K,  83% used [0x00000000e1480000, 0x00000000e1562270, 0x00000000e1590000)
  to   space 1088K,   0% used [0x00000000e1590000, 0x00000000e1590000, 0x00000000e16a0000)
 tenured generation   total 21888K, used 9186K [0x00000000eb2a0000, 0x00000000ec800000, 0x0000000100000000)
   the space 21888K,  41% used [0x00000000eb2a0000, 0x00000000ebb98950, 0x00000000ebb98a00, 0x00000000ec800000)
 Metaspace       used 17503K, capacity 18417K, committed 18688K, reserved 1064960K
  class space    used 2024K, capacity 2271K, committed 2304K, reserved 1048576K
}
Event: 4.784 GC heap after
{Heap after GC invocations=17 (full 0):
 def new generation   total 9792K, used 1088K [0x00000000e0c00000, 0x00000000e16a0000, 0x00000000eb2a0000)
  eden space 8704K,   0% used [0x00000000e0c00000, 0x00000000e0c00000, 0x00000000e1480000)
  from space 1088K, 100% used [0x00000000e1590000, 0x00000000e16a0000, 0x00000000e16a0000)
  to   space 1088K,   0% used [0x00000000e1480000, 0x00000000e1480000, 0x00000000e1590000)
 tenured generation   total 21888K, used 9876K [0x00000000eb2a0000, 0x00000000ec800000, 0x0000000100000000)
   the space 21888K,  45% used [0x00000000eb2a0000, 0x00000000ebc45300, 0x00000000ebc45400, 0x00000000ec800000)
 Metaspace       used 17503K, capacity 18417K, committed 18688K, reserved 1064960K
  class space    used 2024K, capacity 2271K, committed 2304K, reserved 1048576K
}
Event: 5.064 GC heap before
{Heap before GC invocations=17 (full 0):
 def new generation   total 9792K, used 9792K [0x00000000e0c00000, 0x00000000e16a0000, 0x00000000eb2a0000)
  eden space 8704K, 100% used [0x00000000e0c00000, 0x00000000e1480000, 0x00000000e1480000)
  from space 1088K, 100% used [0x00000000e1590000, 0x00000000e16a0000, 0x00000000e16a0000)
  to   space 1088K,   0% used [0x00000000e1480000, 0x00000000e1480000, 0x00000000e1590000)
 tenured generation   total 21888K, used 9876K [0x00000000eb2a0000, 0x00000000ec800000, 0x0000000100000000)
   the space 21888K,  45% used [0x00000000eb2a0000, 0x00000000ebc45300, 0x00000000ebc45400, 0x00000000ec800000)
 Metaspace       used 17738K, capacity 18547K, committed 18688K, reserved 1064960K
  class space    used 2028K, capacity 2271K, committed 2304K, reserved 1048576K
}
Event: 5.070 GC heap after
{Heap after GC invocations=18 (full 0):
 def new generation   total 9792K, used 728K [0x00000000e0c00000, 0x00000000e16a0000, 0x00000000eb2a0000)
  eden space 8704K,   0% used [0x00000000e0c00000, 0x00000000e0c00000, 0x00000000e1480000)
  from space 1088K,  66% used [0x00000000e1480000, 0x00000000e15363b8, 0x00000000e1590000)
  to   space 1088K,   0% used [0x00000000e1590000, 0x00000000e1590000, 0x00000000e16a0000)
 tenured generation   total 21888K, used 10936K [0x00000000eb2a0000, 0x00000000ec800000, 0x0000000100000000)
   the space 21888K,  49% used [0x00000000eb2a0000, 0x00000000ebd4e2b8, 0x00000000ebd4e400, 0x00000000ec800000)
 Metaspace       used 17738K, capacity 18547K, committed 18688K, reserved 1064960K
  class space    used 2028K, capacity 2271K, committed 2304K, reserved 1048576K
}
Event: 5.135 GC heap before
{Heap before GC invocations=18 (full 0):
 def new generation   total 9792K, used 9432K [0x00000000e0c00000, 0x00000000e16a0000, 0x00000000eb2a0000)
  eden space 8704K, 100% used [0x00000000e0c00000, 0x00000000e1480000, 0x00000000e1480000)
  from space 1088K,  66% used [0x00000000e1480000, 0x00000000e15363b8, 0x00000000e1590000)
  to   space 1088K,   0% used [0x00000000e1590000, 0x00000000e1590000, 0x00000000e16a0000)
 tenured generation   total 21888K, used 10936K [0x00000000eb2a0000, 0x00000000ec800000, 0x0000000100000000)
   the space 21888K,  49% used [0x00000000eb2a0000, 0x00000000ebd4e2b8, 0x00000000ebd4e400, 0x00000000ec800000)
 Metaspace       used 17788K, capacity 18618K, committed 18688K, reserved 1064960K
  class space    used 2029K, capacity 2273K, committed 2304K, reserved 1048576K
}
Event: 5.138 GC heap after
{Heap after GC invocations=19 (full 0):
 def new generation   total 9792K, used 482K [0x00000000e0c00000, 0x00000000e16a0000, 0x00000000eb2a0000)
  eden space 8704K,   0% used [0x00000000e0c00000, 0x00000000e0c00000, 0x00000000e1480000)
  from space 1088K,  44% used [0x00000000e1590000, 0x00000000e1608ad8, 0x00000000e16a0000)
  to   space 1088K,   0% used [0x00000000e1480000, 0x00000000e1480000, 0x00000000e1590000)
 tenured generation   total 21888K, used 11511K [0x00000000eb2a0000, 0x00000000ec800000, 0x0000000100000000)
   the space 21888K,  52% used [0x00000000eb2a0000, 0x00000000ebdddea0, 0x00000000ebdde000, 0x00000000ec800000)
 Metaspace       used 17788K, capacity 18618K, committed 18688K, reserved 1064960K
  class space    used 2029K, capacity 2273K, committed 2304K, reserved 1048576K
}
Event: 5.299 GC heap before
{Heap before GC invocations=19 (full 0):
 def new generation   total 9792K, used 9010K [0x00000000e0c00000, 0x00000000e16a0000, 0x00000000eb2a0000)
  eden space 8704K,  97% used [0x00000000e0c00000, 0x00000000e14540d0, 0x00000000e1480000)
  from space 1088K,  44% used [0x00000000e1590000, 0x00000000e1608ad8, 0x00000000e16a0000)
  to   space 1088K,   0% used [0x00000000e1480000, 0x00000000e1480000, 0x00000000e1590000)
 tenured generation   total 21888K, used 11511K [0x00000000eb2a0000, 0x00000000ec800000, 0x0000000100000000)
   the space 21888K,  52% used [0x00000000eb2a0000, 0x00000000ebdddea0, 0x00000000ebdde000, 0x00000000ec800000)
 Metaspace       used 17941K, capacity 18802K, committed 19072K, reserved 1067008K
  class space    used 2045K, capacity 2313K, committed 2432K, reserved 1048576K
}
Event: 5.301 GC heap after
{Heap after GC invocations=20 (full 0):
 def new generation   total 9792K, used 908K [0x00000000e0c00000, 0x00000000e16a0000, 0x00000000eb2a0000)
  eden space 8704K,   0% used [0x00000000e0c00000, 0x00000000e0c00000, 0x00000000e1480000)
  from space 1088K,  83% used [0x00000000e1480000, 0x00000000e1563278, 0x00000000e1590000)
  to   space 1088K,   0% used [0x00000000e1590000, 0x00000000e1590000, 0x00000000e16a0000)
 tenured generation   total 21888K, used 11511K [0x00000000eb2a0000, 0x00000000ec800000, 0x0000000100000000)
   the space 21888K,  52% used [0x00000000eb2a0000, 0x00000000ebdddea0, 0x00000000ebdde000, 0x00000000ec800000)
 Metaspace       used 17941K, capacity 18802K, committed 19072K, reserved 1067008K
  class space    used 2045K, capacity 2313K, committed 2432K, reserved 1048576K
}
Event: 6.166 GC heap before
{Heap before GC invocations=20 (full 0):
 def new generation   total 9792K, used 9612K [0x00000000e0c00000, 0x00000000e16a0000, 0x00000000eb2a0000)
  eden space 8704K, 100% used [0x00000000e0c00000, 0x00000000e1480000, 0x00000000e1480000)
  from space 1088K,  83% used [0x00000000e1480000, 0x00000000e1563278, 0x00000000e1590000)
  to   space 1088K,   0% used [0x00000000e1590000, 0x00000000e1590000, 0x00000000e16a0000)
 tenured generation   total 21888K, used 11511K [0x00000000eb2a0000, 0x00000000ec800000, 0x0000000100000000)
   the space 21888K,  52% used [0x00000000eb2a0000, 0x00000000ebdddea0, 0x00000000ebdde000, 0x00000000ec800000)
 Metaspace       used 19138K, capacity 19838K, committed 19968K, reserved 1067008K
  class space    used 2215K, capacity 2465K, committed 2560K, reserved 1048576K
}
Event: 6.171 GC heap after
{Heap after GC invocations=21 (full 0):
 def new generation   total 9792K, used 1088K [0x00000000e0c00000, 0x00000000e16a0000, 0x00000000eb2a0000)
  eden space 8704K,   0% used [0x00000000e0c00000, 0x00000000e0c00000, 0x00000000e1480000)
  from space 1088K, 100% used [0x00000000e1590000, 0x00000000e16a0000, 0x00000000e16a0000)
  to   space 1088K,   0% used [0x00000000e1480000, 0x00000000e1480000, 0x00000000e1590000)
 tenured generation   total 21888K, used 12318K [0x00000000eb2a0000, 0x00000000ec800000, 0x0000000100000000)
   the space 21888K,  56% used [0x00000000eb2a0000, 0x00000000ebea7910, 0x00000000ebea7a00, 0x00000000ec800000)
 Metaspace       used 19138K, capacity 19838K, committed 19968K, reserved 1067008K
  class space    used 2215K, capacity 2465K, committed 2560K, reserved 1048576K
}
Event: 6.839 GC heap before
{Heap before GC invocations=21 (full 0):
 def new generation   total 9792K, used 2687K [0x00000000e0c00000, 0x00000000e16a0000, 0x00000000eb2a0000)
  eden space 8704K,  18% used [0x00000000e0c00000, 0x00000000e0d8fed0, 0x00000000e1480000)
  from space 1088K, 100% used [0x00000000e1590000, 0x00000000e16a0000, 0x00000000e16a0000)
  to   space 1088K,   0% used [0x00000000e1480000, 0x00000000e1480000, 0x00000000e1590000)
 tenured generation   total 21888K, used 12318K [0x00000000eb2a0000, 0x00000000ec800000, 0x0000000100000000)
   the space 21888K,  56% used [0x00000000eb2a0000, 0x00000000ebea7910, 0x00000000ebea7a00, 0x00000000ec800000)
 Metaspace       used 20495K, capacity 21129K, committed 21296K, reserved 1069056K
  class space    used 2357K, capacity 2602K, committed 2688K, reserved 1048576K
}
Event: 6.881 GC heap after
{Heap after GC invocations=22 (full 1):
 def new generation   total 10304K, used 0K [0x00000000e0c00000, 0x00000000e1720000, 0x00000000eb2a0000)
  eden space 9216K,   0% used [0x00000000e0c00000, 0x00000000e0c00000, 0x00000000e1500000)
  from space 1088K,   0% used [0x00000000e1500000, 0x00000000e1500000, 0x00000000e1610000)
  to   space 1088K,   0% used [0x00000000e1610000, 0x00000000e1610000, 0x00000000e1720000)
 tenured generation   total 22764K, used 13657K [0x00000000eb2a0000, 0x00000000ec8db000, 0x0000000100000000)
   the space 22764K,  59% used [0x00000000eb2a0000, 0x00000000ebff6720, 0x00000000ebff6800, 0x00000000ec8db000)
 Metaspace       used 20495K, capacity 21129K, committed 21296K, reserved 1069056K
  class space    used 2357K, capacity 2602K, committed 2688K, reserved 1048576K
}

