# JRE version: OpenJDK Runtime Environment (11.0.6+10) (build 11.0.6+10-post-Debian-1bpo91)
# Java VM: OpenJDK 64-Bit Server VM (11.0.6+10-post-Debian-1bpo91, mixed mode, sharing, tiered, compressed oops, serial gc, linux-amd64)
Heap:
 def new generation   total 10368K, used 2135K [0x00000000e0c00000, 0x00000000e1730000, 0x00000000eb2a0000)
  eden space 9280K,  23% used [0x00000000e0c00000, 0x00000000e0e15eb8, 0x00000000e1510000)
  from space 1088K,   0% used [0x00000000e1510000, 0x00000000e1510000, 0x00000000e1620000)
  to   space 1088K,   0% used [0x00000000e1620000, 0x00000000e1620000, 0x00000000e1730000)
 tenured generation   total 22868K, used 13719K [0x00000000eb2a0000, 0x00000000ec8f5000, 0x0000000100000000)
   the space 22868K,  59% used [0x00000000eb2a0000, 0x00000000ec005fb8, 0x00000000ec006000, 0x00000000ec8f5000)
 Metaspace       used 20923K, capacity 21678K, committed 21808K, reserved 1069056K
  class space    used 2414K, capacity 2664K, committed 2688K, reserved 1048576K
GC Heap History (20 events):
Event: 3.517 GC heap before
{Heap before GC invocations=12 (full 0):
 def new generation   total 9792K, used 9156K [0x00000000e0c00000, 0x00000000e16a0000, 0x00000000eb2a0000)
  eden space 8704K, 100% used [0x00000000e0c00000, 0x00000000e1480000, 0x00000000e1480000)
  from space 1088K,  41% used [0x00000000e1480000, 0x00000000e14f12e8, 0x00000000e1590000)
  to   space 1088K,   0% used [0x00000000e1590000, 0x00000000e1590000, 0x00000000e16a0000)
 tenured generation   total 21888K, used 7833K [0x00000000eb2a0000, 0x00000000ec800000, 0x0000000100000000)
   the space 21888K,  35% used [0x00000000eb2a0000, 0x00000000eba46550, 0x00000000eba46600, 0x00000000ec800000)
 Metaspace       used 14077K, capacity 15632K, committed 16000K, reserved 1062912K
  class space    used 1611K, capacity 1833K, committed 1920K, reserved 1048576K
}
Event: 3.519 GC heap after
{Heap after GC invocations=13 (full 0):
 def new generation   total 9792K, used 897K [0x00000000e0c00000, 0x00000000e16a0000, 0x00000000eb2a0000)
  eden space 8704K,   0% used [0x00000000e0c00000, 0x00000000e0c00000, 0x00000000e1480000)
  from space 1088K,  82% used [0x00000000e1590000, 0x00000000e1670570, 0x00000000e16a0000)
  to   space 1088K,   0% used [0x00000000e1480000, 0x00000000e1480000, 0x00000000e1590000)
 tenured generation   total 21888K, used 7833K [0x00000000eb2a0000, 0x00000000ec800000, 0x0000000100000000)
   the space 21888K,  35% used [0x00000000eb2a0000, 0x00000000eba46550, 0x00000000eba46600, 0x00000000ec800000)
 Metaspace       used 14077K, capacity 15632K, committed 16000K, reserved 1062912K
  class space    used 1611K, capacity 1833K, committed 1920K, reserved 1048576K
}
Event: 3.725 GC heap before
{Heap before GC invocations=13 (full 0):
 def new generation   total 9792K, used 9601K [0x00000000e0c00000, 0x00000000e16a0000, 0x00000000eb2a0000)
  eden space 8704K, 100% used [0x00000000e0c00000, 0x00000000e1480000, 0x00000000e1480000)
  from space 1088K,  82% used [0x00000000e1590000, 0x00000000e1670570, 0x00000000e16a0000)
  to   space 1088K,   0% used [0x00000000e1480000, 0x00000000e1480000, 0x00000000e1590000)
 tenured generation   total 21888K, used 7833K [0x00000000eb2a0000, 0x00000000ec800000, 0x0000000100000000)
   the space 21888K,  35% used [0x00000000eb2a0000, 0x00000000eba46550, 0x00000000eba46600, 0x00000000ec800000)
 Metaspace       used 14479K, capacity 15986K, committed 16256K, reserved 1062912K
  class space    used 1639K, capacity 1867K, committed 1920K, reserved 1048576K
}
Event: 3.729 GC heap after
{Heap after GC invocations=14 (full 0):
 def new generation   total 9792K, used 992K [0x00000000e0c00000, 0x00000000e16a0000, 0x00000000eb2a0000)
  eden space 8704K,   0% used [0x00000000e0c00000, 0x00000000e0c00000, 0x00000000e1480000)
  from space 1088K,  91% used [0x00000000e1480000, 0x00000000e15780a8, 0x00000000e1590000)
  to   space 1088K,   0% used [0x00000000e1590000, 0x00000000e1590000, 0x00000000e16a0000)
 tenured generation   total 21888K, used 8244K [0x00000000eb2a0000, 0x00000000ec800000, 0x0000000100000000)
   the space 21888K,  37% used [0x00000000eb2a0000, 0x00000000ebaad288, 0x00000000ebaad400, 0x00000000ec800000)
 Metaspace       used 14479K, capacity 15986K, committed 16256K, reserved 1062912K
  class space    used 1639K, capacity 1867K, committed 1920K, reserved 1048576K
}
Event: 3.989 GC heap before
{Heap before GC invocations=14 (full 0):
 def new generation   total 9792K, used 9696K [0x00000000e0c00000, 0x00000000e16a0000, 0x00000000eb2a0000)
  eden space 8704K, 100% used [0x00000000e0c00000, 0x00000000e1480000, 0x00000000e1480000)
  from space 1088K,  91% used [0x00000000e1480000, 0x00000000e15780a8, 0x00000000e1590000)
  to   space 1088K,   0% used [0x00000000e1590000, 0x00000000e1590000, 0x00000000e16a0000)
 tenured generation   total 21888K, used 8244K [0x00000000eb2a0000, 0x00000000ec800000, 0x0000000100000000)
   the space 21888K,  37% used [0x00000000eb2a0000, 0x00000000ebaad288, 0x00000000ebaad400, 0x00000000ec800000)
 Metaspace       used 14995K, capacity 16519K, committed 16896K, reserved 1064960K
  class space    used 1667K, capacity 1934K, committed 2048K, reserved 1048576K
}
Event: 3.995 GC heap after
{Heap after GC invocations=15 (full 0):
 def new generation   total 9792K, used 516K [0x00000000e0c00000, 0x00000000e16a0000, 0x00000000eb2a0000)
  eden space 8704K,   0% used [0x00000000e0c00000, 0x00000000e0c00000, 0x00000000e1480000)
  from space 1088K,  47% used [0x00000000e1590000, 0x00000000e16112c8, 0x00000000e16a0000)
  to   space 1088K,   0% used [0x00000000e1480000, 0x00000000e1480000, 0x00000000e1590000)
 tenured generation   total 21888K, used 9209K [0x00000000eb2a0000, 0x00000000ec800000, 0x0000000100000000)
   the space 21888K,  42% used [0x00000000eb2a0000, 0x00000000ebb9e5d0, 0x00000000ebb9e600, 0x00000000ec800000)
 Metaspace       used 14995K, capacity 16519K, committed 16896K, reserved 1064960K
  class space    used 1667K, capacity 1934K, committed 2048K, reserved 1048576K
}
Event: 4.154 GC heap before
{Heap before GC invocations=15 (full 0):
 def new generation   total 9792K, used 9218K [0x00000000e0c00000, 0x00000000e16a0000, 0x00000000eb2a0000)
  eden space 8704K,  99% used [0x00000000e0c00000, 0x00000000e147f698, 0x00000000e1480000)
  from space 1088K,  47% used [0x00000000e1590000, 0x00000000e16112c8, 0x00000000e16a0000)
  to   space 1088K,   0% used [0x00000000e1480000, 0x00000000e1480000, 0x00000000e1590000)
 tenured generation   total 21888K, used 9209K [0x00000000eb2a0000, 0x00000000ec800000, 0x0000000100000000)
   the space 21888K,  42% used [0x00000000eb2a0000, 0x00000000ebb9e5d0, 0x00000000ebb9e600, 0x00000000ec800000)
 Metaspace       used 15672K, capacity 17203K, committed 17536K, reserved 1064960K
  class space    used 1788K, capacity 2078K, committed 2176K, reserved 1048576K
}
Event: 4.156 GC heap after
{Heap after GC invocations=16 (full 0):
 def new generation   total 9792K, used 1017K [0x00000000e0c00000, 0x00000000e16a0000, 0x00000000eb2a0000)
  eden space 8704K,   0% used [0x00000000e0c00000, 0x00000000e0c00000, 0x00000000e1480000)
  from space 1088K,  93% used [0x00000000e1480000, 0x00000000e157e5c8, 0x00000000e1590000)
  to   space 1088K,   0% used [0x00000000e1590000, 0x00000000e1590000, 0x00000000e16a0000)
 tenured generation   total 21888K, used 9209K [0x00000000eb2a0000, 0x00000000ec800000, 0x0000000100000000)
   the space 21888K,  42% used [0x00000000eb2a0000, 0x00000000ebb9e5d0, 0x00000000ebb9e600, 0x00000000ec800000)
 Metaspace       used 15672K, capacity 17203K, committed 17536K, reserved 1064960K
  class space    used 1788K, capacity 2078K, committed 2176K, reserved 1048576K
}
Event: 4.536 GC heap before
{Heap before GC invocations=16 (full 0):
 def new generation   total 9792K, used 9721K [0x00000000e0c00000, 0x00000000e16a0000, 0x00000000eb2a0000)
  eden space 8704K, 100% used [0x00000000e0c00000, 0x00000000e1480000, 0x00000000e1480000)
  from space 1088K,  93% used [0x00000000e1480000, 0x00000000e157e5c8, 0x00000000e1590000)
  to   space 1088K,   0% used [0x00000000e1590000, 0x00000000e1590000, 0x00000000e16a0000)
 tenured generation   total 21888K, used 9209K [0x00000000eb2a0000, 0x00000000ec800000, 0x0000000100000000)
   the space 21888K,  42% used [0x00000000eb2a0000, 0x00000000ebb9e5d0, 0x00000000ebb9e600, 0x00000000ec800000)
 Metaspace       used 17488K, capacity 18407K, committed 18688K, reserved 1064960K
  class space    used 2009K, capacity 2268K, committed 2304K, reserved 1048576K
}
Event: 4.541 GC heap after
{Heap after GC invocations=17 (full 0):
 def new generation   total 9792K, used 653K [0x00000000e0c00000, 0x00000000e16a0000, 0x00000000eb2a0000)
  eden space 8704K,   0% used [0x00000000e0c00000, 0x00000000e0c00000, 0x00000000e1480000)
  from space 1088K,  60% used [0x00000000e1590000, 0x00000000e1633508, 0x00000000e16a0000)
  to   space 1088K,   0% used [0x00000000e1480000, 0x00000000e1480000, 0x00000000e1590000)
 tenured generation   total 21888K, used 10143K [0x00000000eb2a0000, 0x00000000ec800000, 0x0000000100000000)
   the space 21888K,  46% used [0x00000000eb2a0000, 0x00000000ebc87d30, 0x00000000ebc87e00, 0x00000000ec800000)
 Metaspace       used 17488K, capacity 18407K, committed 18688K, reserved 1064960K
  class space    used 2009K, capacity 2268K, committed 2304K, reserved 1048576K
}
Event: 4.946 GC heap before
{Heap before GC invocations=17 (full 0):
 def new generation   total 9792K, used 9357K [0x00000000e0c00000, 0x00000000e16a0000, 0x00000000eb2a0000)
  eden space 8704K, 100% used [0x00000000e0c00000, 0x00000000e1480000, 0x00000000e1480000)
  from space 1088K,  60% used [0x00000000e1590000, 0x00000000e1633508, 0x00000000e16a0000)
  to   space 1088K,   0% used [0x00000000e1480000, 0x00000000e1480000, 0x00000000e1590000)
 tenured generation   total 21888K, used 10143K [0x00000000eb2a0000, 0x00000000ec800000, 0x0000000100000000)
   the space 21888K,  46% used [0x00000000eb2a0000, 0x00000000ebc87d30, 0x00000000ebc87e00, 0x00000000ec800000)
 Metaspace       used 17711K, capacity 18547K, committed 18688K, reserved 1064960K
  class space    used 2028K, capacity 2271K, committed 2304K, reserved 1048576K
}
Event: 4.952 GC heap after
{Heap after GC invocations=18 (full 0):
 def new generation   total 9792K, used 836K [0x00000000e0c00000, 0x00000000e16a0000, 0x00000000eb2a0000)
  eden space 8704K,   0% used [0x00000000e0c00000, 0x00000000e0c00000, 0x00000000e1480000)
  from space 1088K,  76% used [0x00000000e1480000, 0x00000000e1551030, 0x00000000e1590000)
  to   space 1088K,   0% used [0x00000000e1590000, 0x00000000e1590000, 0x00000000e16a0000)
 tenured generation   total 21888K, used 10754K [0x00000000eb2a0000, 0x00000000ec800000, 0x0000000100000000)
   the space 21888K,  49% used [0x00000000eb2a0000, 0x00000000ebd20810, 0x00000000ebd20a00, 0x00000000ec800000)
 Metaspace       used 17711K, capacity 18547K, committed 18688K, reserved 1064960K
  class space    used 2028K, capacity 2271K, committed 2304K, reserved 1048576K
}
Event: 5.165 GC heap before
{Heap before GC invocations=18 (full 0):
 def new generation   total 9792K, used 9540K [0x00000000e0c00000, 0x00000000e16a0000, 0x00000000eb2a0000)
  eden space 8704K, 100% used [0x00000000e0c00000, 0x00000000e1480000, 0x00000000e1480000)
  from space 1088K,  76% used [0x00000000e1480000, 0x00000000e1551030, 0x00000000e1590000)
  to   space 1088K,   0% used [0x00000000e1590000, 0x00000000e1590000, 0x00000000e16a0000)
 tenured generation   total 21888K, used 10754K [0x00000000eb2a0000, 0x00000000ec800000, 0x0000000100000000)
   the space 21888K,  49% used [0x00000000eb2a0000, 0x00000000ebd20810, 0x00000000ebd20a00, 0x00000000ec800000)
 Metaspace       used 17785K, capacity 18618K, committed 18688K, reserved 1064960K
  class space    used 2029K, capacity 2273K, committed 2304K, reserved 1048576K
}
Event: 5.178 GC heap after
{Heap after GC invocations=19 (full 0):
 def new generation   total 9792K, used 641K [0x00000000e0c00000, 0x00000000e16a0000, 0x00000000eb2a0000)
  eden space 8704K,   0% used [0x00000000e0c00000, 0x00000000e0c00000, 0x00000000e1480000)
  from space 1088K,  58% used [0x00000000e1590000, 0x00000000e1630438, 0x00000000e16a0000)
  to   space 1088K,   0% used [0x00000000e1480000, 0x00000000e1480000, 0x00000000e1590000)
 tenured generation   total 21888K, used 11555K [0x00000000eb2a0000, 0x00000000ec800000, 0x0000000100000000)
   the space 21888K,  52% used [0x00000000eb2a0000, 0x00000000ebde8db0, 0x00000000ebde8e00, 0x00000000ec800000)
 Metaspace       used 17785K, capacity 18618K, committed 18688K, reserved 1064960K
  class space    used 2029K, capacity 2273K, committed 2304K, reserved 1048576K
}
Event: 5.330 GC heap before
{Heap before GC invocations=19 (full 0):
 def new generation   total 9792K, used 9345K [0x00000000e0c00000, 0x00000000e16a0000, 0x00000000eb2a0000)
  eden space 8704K, 100% used [0x00000000e0c00000, 0x00000000e1480000, 0x00000000e1480000)
  from space 1088K,  58% used [0x00000000e1590000, 0x00000000e1630438, 0x00000000e16a0000)
  to   space 1088K,   0% used [0x00000000e1480000, 0x00000000e1480000, 0x00000000e1590000)
 tenured generation   total 21888K, used 11555K [0x00000000eb2a0000, 0x00000000ec800000, 0x0000000100000000)
   the space 21888K,  52% used [0x00000000eb2a0000, 0x00000000ebde8db0, 0x00000000ebde8e00, 0x00000000ec800000)
 Metaspace       used 17911K, capacity 18802K, committed 19072K, reserved 1067008K
  class space    used 2045K, capacity 2313K, committed 2432K, reserved 1048576K
}
Event: 5.332 GC heap after
{Heap after GC invocations=20 (full 0):
 def new generation   total 9792K, used 480K [0x00000000e0c00000, 0x00000000e16a0000, 0x00000000eb2a0000)
  eden space 8704K,   0% used [0x00000000e0c00000, 0x00000000e0c00000, 0x00000000e1480000)
  from space 1088K,  44% used [0x00000000e1480000, 0x00000000e14f82c8, 0x00000000e1590000)
  to   space 1088K,   0% used [0x00000000e1590000, 0x00000000e1590000, 0x00000000e16a0000)
 tenured generation   total 21888K, used 11999K [0x00000000eb2a0000, 0x00000000ec800000, 0x0000000100000000)
   the space 21888K,  54% used [0x00000000eb2a0000, 0x00000000ebe57ce8, 0x00000000ebe57e00, 0x00000000ec800000)
 Metaspace       used 17911K, capacity 18802K, committed 19072K, reserved 1067008K
  class space    used 2045K, capacity 2313K, committed 2432K, reserved 1048576K
}
Event: 6.058 GC heap before
{Heap before GC invocations=20 (full 0):
 def new generation   total 9792K, used 9184K [0x00000000e0c00000, 0x00000000e16a0000, 0x00000000eb2a0000)
  eden space 8704K, 100% used [0x00000000e0c00000, 0x00000000e1480000, 0x00000000e1480000)
  from space 1088K,  44% used [0x00000000e1480000, 0x00000000e14f82c8, 0x00000000e1590000)
  to   space 1088K,   0% used [0x00000000e1590000, 0x00000000e1590000, 0x00000000e16a0000)
 tenured generation   total 21888K, used 11999K [0x00000000eb2a0000, 0x00000000ec800000, 0x0000000100000000)
   the space 21888K,  54% used [0x00000000eb2a0000, 0x00000000ebe57ce8, 0x00000000ebe57e00, 0x00000000ec800000)
 Metaspace       used 19072K, capacity 19778K, committed 19840K, reserved 1067008K
  class space    used 2204K, capacity 2429K, committed 2432K, reserved 1048576K
}
Event: 6.061 GC heap after
{Heap after GC invocations=21 (full 0):
 def new generation   total 9792K, used 1087K [0x00000000e0c00000, 0x00000000e16a0000, 0x00000000eb2a0000)
  eden space 8704K,   0% used [0x00000000e0c00000, 0x00000000e0c00000, 0x00000000e1480000)
  from space 1088K,  99% used [0x00000000e1590000, 0x00000000e169fff8, 0x00000000e16a0000)
  to   space 1088K,   0% used [0x00000000e1480000, 0x00000000e1480000, 0x00000000e1590000)
 tenured generation   total 21888K, used 12326K [0x00000000eb2a0000, 0x00000000ec800000, 0x0000000100000000)
   the space 21888K,  56% used [0x00000000eb2a0000, 0x00000000ebea9bf0, 0x00000000ebea9c00, 0x00000000ec800000)
 Metaspace       used 19072K, capacity 19778K, committed 19840K, reserved 1067008K
  class space    used 2204K, capacity 2429K, committed 2432K, reserved 1048576K
}
Event: 6.690 GC heap before
{Heap before GC invocations=21 (full 0):
 def new generation   total 9792K, used 2916K [0x00000000e0c00000, 0x00000000e16a0000, 0x00000000eb2a0000)
  eden space 8704K,  21% used [0x00000000e0c00000, 0x00000000e0dc9140, 0x00000000e1480000)
  from space 1088K,  99% used [0x00000000e1590000, 0x00000000e169fff8, 0x00000000e16a0000)
  to   space 1088K,   0% used [0x00000000e1480000, 0x00000000e1480000, 0x00000000e1590000)
 tenured generation   total 21888K, used 12326K [0x00000000eb2a0000, 0x00000000ec800000, 0x0000000100000000)
   the space 21888K,  56% used [0x00000000eb2a0000, 0x00000000ebea9bf0, 0x00000000ebea9c00, 0x00000000ec800000)
 Metaspace       used 20453K, capacity 21113K, committed 21296K, reserved 1069056K
  class space    used 2354K, capacity 2602K, committed 2688K, reserved 1048576K
}
Event: 6.729 GC heap after
{Heap after GC invocations=22 (full 1):
 def new generation   total 10368K, used 0K [0x00000000e0c00000, 0x00000000e1730000, 0x00000000eb2a0000)
  eden space 9280K,   0% used [0x00000000e0c00000, 0x00000000e0c00000, 0x00000000e1510000)
  from space 1088K,   0% used [0x00000000e1510000, 0x00000000e1510000, 0x00000000e1620000)
  to   space 1088K,   0% used [0x00000000e1620000, 0x00000000e1620000, 0x00000000e1730000)
 tenured generation   total 22868K, used 13719K [0x00000000eb2a0000, 0x00000000ec8f5000, 0x0000000100000000)
   the space 22868K,  59% used [0x00000000eb2a0000, 0x00000000ec005fb8, 0x00000000ec006000, 0x00000000ec8f5000)
 Metaspace       used 20453K, capacity 21113K, committed 21296K, reserved 1069056K
  class space    used 2354K, capacity 2602K, committed 2688K, reserved 1048576K
}

