# JRE version: OpenJDK Runtime Environment (11.0.6+10) (build 11.0.6+10-post-Debian-1bpo91)
# Java VM: OpenJDK 64-Bit Server VM (11.0.6+10-post-Debian-1bpo91, mixed mode, sharing, tiered, compressed oops, serial gc, linux-amd64)
Heap:
 def new generation   total 10368K, used 1988K [0x00000000e0c00000, 0x00000000e1740000, 0x00000000eb2a0000)
  eden space 9216K,  21% used [0x00000000e0c00000, 0x00000000e0df10a0, 0x00000000e1500000)
  from space 1152K,   0% used [0x00000000e1500000, 0x00000000e1500000, 0x00000000e1620000)
  to   space 1152K,   0% used [0x00000000e1620000, 0x00000000e1620000, 0x00000000e1740000)
 tenured generation   total 22908K, used 13744K [0x00000000eb2a0000, 0x00000000ec8ff000, 0x0000000100000000)
   the space 22908K,  59% used [0x00000000eb2a0000, 0x00000000ec00c1f8, 0x00000000ec00c200, 0x00000000ec8ff000)
 Metaspace       used 20851K, capacity 21566K, committed 21808K, reserved 1069056K
  class space    used 2417K, capacity 2664K, committed 2688K, reserved 1048576K
GC Heap History (20 events):
Event: 3.549 GC heap before
{Heap before GC invocations=12 (full 0):
 def new generation   total 9792K, used 9239K [0x00000000e0c00000, 0x00000000e16a0000, 0x00000000eb2a0000)
  eden space 8704K, 100% used [0x00000000e0c00000, 0x00000000e1480000, 0x00000000e1480000)
  from space 1088K,  49% used [0x00000000e1480000, 0x00000000e1505f68, 0x00000000e1590000)
  to   space 1088K,   0% used [0x00000000e1590000, 0x00000000e1590000, 0x00000000e16a0000)
 tenured generation   total 21888K, used 7878K [0x00000000eb2a0000, 0x00000000ec800000, 0x0000000100000000)
   the space 21888K,  35% used [0x00000000eb2a0000, 0x00000000eba51bb0, 0x00000000eba51c00, 0x00000000ec800000)
 Metaspace       used 14086K, capacity 15631K, committed 16000K, reserved 1062912K
  class space    used 1612K, capacity 1833K, committed 1920K, reserved 1048576K
}
Event: 3.552 GC heap after
{Heap after GC invocations=13 (full 0):
 def new generation   total 9792K, used 964K [0x00000000e0c00000, 0x00000000e16a0000, 0x00000000eb2a0000)
  eden space 8704K,   0% used [0x00000000e0c00000, 0x00000000e0c00000, 0x00000000e1480000)
  from space 1088K,  88% used [0x00000000e1590000, 0x00000000e1681390, 0x00000000e16a0000)
  to   space 1088K,   0% used [0x00000000e1480000, 0x00000000e1480000, 0x00000000e1590000)
 tenured generation   total 21888K, used 7878K [0x00000000eb2a0000, 0x00000000ec800000, 0x0000000100000000)
   the space 21888K,  35% used [0x00000000eb2a0000, 0x00000000eba51bb0, 0x00000000eba51c00, 0x00000000ec800000)
 Metaspace       used 14086K, capacity 15631K, committed 16000K, reserved 1062912K
  class space    used 1612K, capacity 1833K, committed 1920K, reserved 1048576K
}
Event: 3.927 GC heap before
{Heap before GC invocations=13 (full 0):
 def new generation   total 9792K, used 9668K [0x00000000e0c00000, 0x00000000e16a0000, 0x00000000eb2a0000)
  eden space 8704K, 100% used [0x00000000e0c00000, 0x00000000e1480000, 0x00000000e1480000)
  from space 1088K,  88% used [0x00000000e1590000, 0x00000000e1681390, 0x00000000e16a0000)
  to   space 1088K,   0% used [0x00000000e1480000, 0x00000000e1480000, 0x00000000e1590000)
 tenured generation   total 21888K, used 7878K [0x00000000eb2a0000, 0x00000000ec800000, 0x0000000100000000)
   the space 21888K,  35% used [0x00000000eb2a0000, 0x00000000eba51bb0, 0x00000000eba51c00, 0x00000000ec800000)
 Metaspace       used 14646K, capacity 16227K, committed 16512K, reserved 1064960K
  class space    used 1646K, capacity 1901K, committed 1920K, reserved 1048576K
}
Event: 3.932 GC heap after
{Heap after GC invocations=14 (full 0):
 def new generation   total 9792K, used 496K [0x00000000e0c00000, 0x00000000e16a0000, 0x00000000eb2a0000)
  eden space 8704K,   0% used [0x00000000e0c00000, 0x00000000e0c00000, 0x00000000e1480000)
  from space 1088K,  45% used [0x00000000e1480000, 0x00000000e14fc300, 0x00000000e1590000)
  to   space 1088K,   0% used [0x00000000e1590000, 0x00000000e1590000, 0x00000000e16a0000)
 tenured generation   total 21888K, used 8823K [0x00000000eb2a0000, 0x00000000ec800000, 0x0000000100000000)
   the space 21888K,  40% used [0x00000000eb2a0000, 0x00000000ebb3dd48, 0x00000000ebb3de00, 0x00000000ec800000)
 Metaspace       used 14646K, capacity 16227K, committed 16512K, reserved 1064960K
  class space    used 1646K, capacity 1901K, committed 1920K, reserved 1048576K
}
Event: 4.192 GC heap before
{Heap before GC invocations=14 (full 0):
 def new generation   total 9792K, used 9200K [0x00000000e0c00000, 0x00000000e16a0000, 0x00000000eb2a0000)
  eden space 8704K, 100% used [0x00000000e0c00000, 0x00000000e1480000, 0x00000000e1480000)
  from space 1088K,  45% used [0x00000000e1480000, 0x00000000e14fc300, 0x00000000e1590000)
  to   space 1088K,   0% used [0x00000000e1590000, 0x00000000e1590000, 0x00000000e16a0000)
 tenured generation   total 21888K, used 8823K [0x00000000eb2a0000, 0x00000000ec800000, 0x0000000100000000)
   the space 21888K,  40% used [0x00000000eb2a0000, 0x00000000ebb3dd48, 0x00000000ebb3de00, 0x00000000ec800000)
 Metaspace       used 15007K, capacity 16532K, committed 16896K, reserved 1064960K
  class space    used 1667K, capacity 1936K, committed 2048K, reserved 1048576K
}
Event: 4.198 GC heap after
{Heap after GC invocations=15 (full 0):
 def new generation   total 9792K, used 977K [0x00000000e0c00000, 0x00000000e16a0000, 0x00000000eb2a0000)
  eden space 8704K,   0% used [0x00000000e0c00000, 0x00000000e0c00000, 0x00000000e1480000)
  from space 1088K,  89% used [0x00000000e1590000, 0x00000000e16847a0, 0x00000000e16a0000)
  to   space 1088K,   0% used [0x00000000e1480000, 0x00000000e1480000, 0x00000000e1590000)
 tenured generation   total 21888K, used 8823K [0x00000000eb2a0000, 0x00000000ec800000, 0x0000000100000000)
   the space 21888K,  40% used [0x00000000eb2a0000, 0x00000000ebb3dd48, 0x00000000ebb3de00, 0x00000000ec800000)
 Metaspace       used 15007K, capacity 16532K, committed 16896K, reserved 1064960K
  class space    used 1667K, capacity 1936K, committed 2048K, reserved 1048576K
}
Event: 4.339 GC heap before
{Heap before GC invocations=15 (full 0):
 def new generation   total 9792K, used 9681K [0x00000000e0c00000, 0x00000000e16a0000, 0x00000000eb2a0000)
  eden space 8704K, 100% used [0x00000000e0c00000, 0x00000000e1480000, 0x00000000e1480000)
  from space 1088K,  89% used [0x00000000e1590000, 0x00000000e16847a0, 0x00000000e16a0000)
  to   space 1088K,   0% used [0x00000000e1480000, 0x00000000e1480000, 0x00000000e1590000)
 tenured generation   total 21888K, used 8823K [0x00000000eb2a0000, 0x00000000ec800000, 0x0000000100000000)
   the space 21888K,  40% used [0x00000000eb2a0000, 0x00000000ebb3dd48, 0x00000000ebb3de00, 0x00000000ec800000)
 Metaspace       used 15824K, capacity 17298K, committed 17536K, reserved 1064960K
  class space    used 1807K, capacity 2110K, committed 2176K, reserved 1048576K
}
Event: 4.343 GC heap after
{Heap after GC invocations=16 (full 0):
 def new generation   total 9792K, used 905K [0x00000000e0c00000, 0x00000000e16a0000, 0x00000000eb2a0000)
  eden space 8704K,   0% used [0x00000000e0c00000, 0x00000000e0c00000, 0x00000000e1480000)
  from space 1088K,  83% used [0x00000000e1480000, 0x00000000e15626a8, 0x00000000e1590000)
  to   space 1088K,   0% used [0x00000000e1590000, 0x00000000e1590000, 0x00000000e16a0000)
 tenured generation   total 21888K, used 9291K [0x00000000eb2a0000, 0x00000000ec800000, 0x0000000100000000)
   the space 21888K,  42% used [0x00000000eb2a0000, 0x00000000ebbb2e48, 0x00000000ebbb3000, 0x00000000ec800000)
 Metaspace       used 15824K, capacity 17298K, committed 17536K, reserved 1064960K
  class space    used 1807K, capacity 2110K, committed 2176K, reserved 1048576K
}
Event: 4.706 GC heap before
{Heap before GC invocations=16 (full 0):
 def new generation   total 9792K, used 9609K [0x00000000e0c00000, 0x00000000e16a0000, 0x00000000eb2a0000)
  eden space 8704K, 100% used [0x00000000e0c00000, 0x00000000e1480000, 0x00000000e1480000)
  from space 1088K,  83% used [0x00000000e1480000, 0x00000000e15626a8, 0x00000000e1590000)
  to   space 1088K,   0% used [0x00000000e1590000, 0x00000000e1590000, 0x00000000e16a0000)
 tenured generation   total 21888K, used 9291K [0x00000000eb2a0000, 0x00000000ec800000, 0x0000000100000000)
   the space 21888K,  42% used [0x00000000eb2a0000, 0x00000000ebbb2e48, 0x00000000ebbb3000, 0x00000000ec800000)
 Metaspace       used 17510K, capacity 18406K, committed 18688K, reserved 1064960K
  class space    used 2013K, capacity 2268K, committed 2304K, reserved 1048576K
}
Event: 4.713 GC heap after
{Heap after GC invocations=17 (full 0):
 def new generation   total 9792K, used 1087K [0x00000000e0c00000, 0x00000000e16a0000, 0x00000000eb2a0000)
  eden space 8704K,   0% used [0x00000000e0c00000, 0x00000000e0c00000, 0x00000000e1480000)
  from space 1088K,  99% used [0x00000000e1590000, 0x00000000e169fff8, 0x00000000e16a0000)
  to   space 1088K,   0% used [0x00000000e1480000, 0x00000000e1480000, 0x00000000e1590000)
 tenured generation   total 21888K, used 9797K [0x00000000eb2a0000, 0x00000000ec800000, 0x0000000100000000)
   the space 21888K,  44% used [0x00000000eb2a0000, 0x00000000ebc31740, 0x00000000ebc31800, 0x00000000ec800000)
 Metaspace       used 17510K, capacity 18406K, committed 18688K, reserved 1064960K
  class space    used 2013K, capacity 2268K, committed 2304K, reserved 1048576K
}
Event: 5.069 GC heap before
{Heap before GC invocations=17 (full 0):
 def new generation   total 9792K, used 9791K [0x00000000e0c00000, 0x00000000e16a0000, 0x00000000eb2a0000)
  eden space 8704K, 100% used [0x00000000e0c00000, 0x00000000e1480000, 0x00000000e1480000)
  from space 1088K,  99% used [0x00000000e1590000, 0x00000000e169fff8, 0x00000000e16a0000)
  to   space 1088K,   0% used [0x00000000e1480000, 0x00000000e1480000, 0x00000000e1590000)
 tenured generation   total 21888K, used 9797K [0x00000000eb2a0000, 0x00000000ec800000, 0x0000000100000000)
   the space 21888K,  44% used [0x00000000eb2a0000, 0x00000000ebc31740, 0x00000000ebc31800, 0x00000000ec800000)
 Metaspace       used 17681K, capacity 18546K, committed 18688K, reserved 1064960K
  class space    used 2029K, capacity 2271K, committed 2304K, reserved 1048576K
}
Event: 5.074 GC heap after
{Heap after GC invocations=18 (full 0):
 def new generation   total 9792K, used 840K [0x00000000e0c00000, 0x00000000e16a0000, 0x00000000eb2a0000)
  eden space 8704K,   0% used [0x00000000e0c00000, 0x00000000e0c00000, 0x00000000e1480000)
  from space 1088K,  77% used [0x00000000e1480000, 0x00000000e1552180, 0x00000000e1590000)
  to   space 1088K,   0% used [0x00000000e1590000, 0x00000000e1590000, 0x00000000e16a0000)
 tenured generation   total 21888K, used 10825K [0x00000000eb2a0000, 0x00000000ec800000, 0x0000000100000000)
   the space 21888K,  49% used [0x00000000eb2a0000, 0x00000000ebd326b8, 0x00000000ebd32800, 0x00000000ec800000)
 Metaspace       used 17681K, capacity 18546K, committed 18688K, reserved 1064960K
  class space    used 2029K, capacity 2271K, committed 2304K, reserved 1048576K
}
Event: 5.139 GC heap before
{Heap before GC invocations=18 (full 0):
 def new generation   total 9792K, used 9544K [0x00000000e0c00000, 0x00000000e16a0000, 0x00000000eb2a0000)
  eden space 8704K, 100% used [0x00000000e0c00000, 0x00000000e1480000, 0x00000000e1480000)
  from space 1088K,  77% used [0x00000000e1480000, 0x00000000e1552180, 0x00000000e1590000)
  to   space 1088K,   0% used [0x00000000e1590000, 0x00000000e1590000, 0x00000000e16a0000)
 tenured generation   total 21888K, used 10825K [0x00000000eb2a0000, 0x00000000ec800000, 0x0000000100000000)
   the space 21888K,  49% used [0x00000000eb2a0000, 0x00000000ebd326b8, 0x00000000ebd32800, 0x00000000ec800000)
 Metaspace       used 17731K, capacity 18553K, committed 18688K, reserved 1064960K
  class space    used 2030K, capacity 2273K, committed 2304K, reserved 1048576K
}
Event: 5.143 GC heap after
{Heap after GC invocations=19 (full 0):
 def new generation   total 9792K, used 462K [0x00000000e0c00000, 0x00000000e16a0000, 0x00000000eb2a0000)
  eden space 8704K,   0% used [0x00000000e0c00000, 0x00000000e0c00000, 0x00000000e1480000)
  from space 1088K,  42% used [0x00000000e1590000, 0x00000000e1603aa0, 0x00000000e16a0000)
  to   space 1088K,   0% used [0x00000000e1480000, 0x00000000e1480000, 0x00000000e1590000)
 tenured generation   total 21888K, used 11585K [0x00000000eb2a0000, 0x00000000ec800000, 0x0000000100000000)
   the space 21888K,  52% used [0x00000000eb2a0000, 0x00000000ebdf0560, 0x00000000ebdf0600, 0x00000000ec800000)
 Metaspace       used 17731K, capacity 18553K, committed 18688K, reserved 1064960K
  class space    used 2030K, capacity 2273K, committed 2304K, reserved 1048576K
}
Event: 5.223 GC heap before
{Heap before GC invocations=19 (full 0):
 def new generation   total 9792K, used 9166K [0x00000000e0c00000, 0x00000000e16a0000, 0x00000000eb2a0000)
  eden space 8704K, 100% used [0x00000000e0c00000, 0x00000000e1480000, 0x00000000e1480000)
  from space 1088K,  42% used [0x00000000e1590000, 0x00000000e1603aa0, 0x00000000e16a0000)
  to   space 1088K,   0% used [0x00000000e1480000, 0x00000000e1480000, 0x00000000e1590000)
 tenured generation   total 21888K, used 11585K [0x00000000eb2a0000, 0x00000000ec800000, 0x0000000100000000)
   the space 21888K,  52% used [0x00000000eb2a0000, 0x00000000ebdf0560, 0x00000000ebdf0600, 0x00000000ec800000)
 Metaspace       used 17821K, capacity 18738K, committed 19072K, reserved 1067008K
  class space    used 2046K, capacity 2313K, committed 2432K, reserved 1048576K
}
Event: 5.227 GC heap after
{Heap after GC invocations=20 (full 0):
 def new generation   total 9792K, used 949K [0x00000000e0c00000, 0x00000000e16a0000, 0x00000000eb2a0000)
  eden space 8704K,   0% used [0x00000000e0c00000, 0x00000000e0c00000, 0x00000000e1480000)
  from space 1088K,  87% used [0x00000000e1480000, 0x00000000e156d540, 0x00000000e1590000)
  to   space 1088K,   0% used [0x00000000e1590000, 0x00000000e1590000, 0x00000000e16a0000)
 tenured generation   total 21888K, used 11585K [0x00000000eb2a0000, 0x00000000ec800000, 0x0000000100000000)
   the space 21888K,  52% used [0x00000000eb2a0000, 0x00000000ebdf0560, 0x00000000ebdf0600, 0x00000000ec800000)
 Metaspace       used 17821K, capacity 18738K, committed 19072K, reserved 1067008K
  class space    used 2046K, capacity 2313K, committed 2432K, reserved 1048576K
}
Event: 6.086 GC heap before
{Heap before GC invocations=20 (full 0):
 def new generation   total 9792K, used 9653K [0x00000000e0c00000, 0x00000000e16a0000, 0x00000000eb2a0000)
  eden space 8704K, 100% used [0x00000000e0c00000, 0x00000000e1480000, 0x00000000e1480000)
  from space 1088K,  87% used [0x00000000e1480000, 0x00000000e156d540, 0x00000000e1590000)
  to   space 1088K,   0% used [0x00000000e1590000, 0x00000000e1590000, 0x00000000e16a0000)
 tenured generation   total 21888K, used 11585K [0x00000000eb2a0000, 0x00000000ec800000, 0x0000000100000000)
   the space 21888K,  52% used [0x00000000eb2a0000, 0x00000000ebdf0560, 0x00000000ebdf0600, 0x00000000ec800000)
 Metaspace       used 18990K, capacity 19698K, committed 19968K, reserved 1067008K
  class space    used 2207K, capacity 2461K, committed 2560K, reserved 1048576K
}
Event: 6.092 GC heap after
{Heap after GC invocations=21 (full 0):
 def new generation   total 9792K, used 1088K [0x00000000e0c00000, 0x00000000e16a0000, 0x00000000eb2a0000)
  eden space 8704K,   0% used [0x00000000e0c00000, 0x00000000e0c00000, 0x00000000e1480000)
  from space 1088K, 100% used [0x00000000e1590000, 0x00000000e16a0000, 0x00000000e16a0000)
  to   space 1088K,   0% used [0x00000000e1480000, 0x00000000e1480000, 0x00000000e1590000)
 tenured generation   total 21888K, used 12363K [0x00000000eb2a0000, 0x00000000ec800000, 0x0000000100000000)
   the space 21888K,  56% used [0x00000000eb2a0000, 0x00000000ebeb2ef0, 0x00000000ebeb3000, 0x00000000ec800000)
 Metaspace       used 18990K, capacity 19698K, committed 19968K, reserved 1067008K
  class space    used 2207K, capacity 2461K, committed 2560K, reserved 1048576K
}
Event: 6.718 GC heap before
{Heap before GC invocations=21 (full 0):
 def new generation   total 9792K, used 2980K [0x00000000e0c00000, 0x00000000e16a0000, 0x00000000eb2a0000)
  eden space 8704K,  21% used [0x00000000e0c00000, 0x00000000e0dd9310, 0x00000000e1480000)
  from space 1088K, 100% used [0x00000000e1590000, 0x00000000e16a0000, 0x00000000e16a0000)
  to   space 1088K,   0% used [0x00000000e1480000, 0x00000000e1480000, 0x00000000e1590000)
 tenured generation   total 21888K, used 12363K [0x00000000eb2a0000, 0x00000000ec800000, 0x0000000100000000)
   the space 21888K,  56% used [0x00000000eb2a0000, 0x00000000ebeb2ef0, 0x00000000ebeb3000, 0x00000000ec800000)
 Metaspace       used 20422K, capacity 21065K, committed 21296K, reserved 1069056K
  class space    used 2360K, capacity 2602K, committed 2688K, reserved 1048576K
}
Event: 6.758 GC heap after
{Heap after GC invocations=22 (full 1):
 def new generation   total 10368K, used 0K [0x00000000e0c00000, 0x00000000e1740000, 0x00000000eb2a0000)
  eden space 9216K,   0% used [0x00000000e0c00000, 0x00000000e0c00000, 0x00000000e1500000)
  from space 1152K,   0% used [0x00000000e1500000, 0x00000000e1500000, 0x00000000e1620000)
  to   space 1152K,   0% used [0x00000000e1620000, 0x00000000e1620000, 0x00000000e1740000)
 tenured generation   total 22908K, used 13744K [0x00000000eb2a0000, 0x00000000ec8ff000, 0x0000000100000000)
   the space 22908K,  59% used [0x00000000eb2a0000, 0x00000000ec00c1f8, 0x00000000ec00c200, 0x00000000ec8ff000)
 Metaspace       used 20422K, capacity 21065K, committed 21296K, reserved 1069056K
  class space    used 2360K, capacity 2602K, committed 2688K, reserved 1048576K
}

