# JRE version: OpenJDK Runtime Environment (11.0.6+10) (build 11.0.6+10-post-Debian-1bpo91)
# Java VM: OpenJDK 64-Bit Server VM (11.0.6+10-post-Debian-1bpo91, mixed mode, sharing, tiered, compressed oops, serial gc, linux-amd64)
Heap:
 def new generation   total 10304K, used 1072K [0x00000000e0c00000, 0x00000000e1720000, 0x00000000eb2a0000)
  eden space 9216K,  11% used [0x00000000e0c00000, 0x00000000e0d0c298, 0x00000000e1500000)
  from space 1088K,   0% used [0x00000000e1500000, 0x00000000e1500000, 0x00000000e1610000)
  to   space 1088K,   0% used [0x00000000e1610000, 0x00000000e1610000, 0x00000000e1720000)
 tenured generation   total 22760K, used 13654K [0x00000000eb2a0000, 0x00000000ec8da000, 0x0000000100000000)
   the space 22760K,  59% used [0x00000000eb2a0000, 0x00000000ebff5b98, 0x00000000ebff5c00, 0x00000000ec8da000)
 Metaspace       used 20672K, capacity 21372K, committed 21552K, reserved 1069056K
  class space    used 2415K, capacity 2664K, committed 2688K, reserved 1048576K
GC Heap History (20 events):
Event: 3.570 GC heap before
{Heap before GC invocations=12 (full 0):
 def new generation   total 9792K, used 9682K [0x00000000e0c00000, 0x00000000e16a0000, 0x00000000eb2a0000)
  eden space 8704K, 100% used [0x00000000e0c00000, 0x00000000e1480000, 0x00000000e1480000)
  from space 1088K,  89% used [0x00000000e1480000, 0x00000000e15748e0, 0x00000000e1590000)
  to   space 1088K,   0% used [0x00000000e1590000, 0x00000000e1590000, 0x00000000e16a0000)
 tenured generation   total 21888K, used 7407K [0x00000000eb2a0000, 0x00000000ec800000, 0x0000000100000000)
   the space 21888K,  33% used [0x00000000eb2a0000, 0x00000000eb9dbf00, 0x00000000eb9dc000, 0x00000000ec800000)
 Metaspace       used 14073K, capacity 15631K, committed 16000K, reserved 1062912K
  class space    used 1611K, capacity 1833K, committed 1920K, reserved 1048576K
}
Event: 3.573 GC heap after
{Heap after GC invocations=13 (full 0):
 def new generation   total 9792K, used 914K [0x00000000e0c00000, 0x00000000e16a0000, 0x00000000eb2a0000)
  eden space 8704K,   0% used [0x00000000e0c00000, 0x00000000e0c00000, 0x00000000e1480000)
  from space 1088K,  84% used [0x00000000e1590000, 0x00000000e1674858, 0x00000000e16a0000)
  to   space 1088K,   0% used [0x00000000e1480000, 0x00000000e1480000, 0x00000000e1590000)
 tenured generation   total 21888K, used 7827K [0x00000000eb2a0000, 0x00000000ec800000, 0x0000000100000000)
   the space 21888K,  35% used [0x00000000eb2a0000, 0x00000000eba44c08, 0x00000000eba44e00, 0x00000000ec800000)
 Metaspace       used 14073K, capacity 15631K, committed 16000K, reserved 1062912K
  class space    used 1611K, capacity 1833K, committed 1920K, reserved 1048576K
}
Event: 3.772 GC heap before
{Heap before GC invocations=13 (full 0):
 def new generation   total 9792K, used 9610K [0x00000000e0c00000, 0x00000000e16a0000, 0x00000000eb2a0000)
  eden space 8704K,  99% used [0x00000000e0c00000, 0x00000000e147e170, 0x00000000e1480000)
  from space 1088K,  84% used [0x00000000e1590000, 0x00000000e1674858, 0x00000000e16a0000)
  to   space 1088K,   0% used [0x00000000e1480000, 0x00000000e1480000, 0x00000000e1590000)
 tenured generation   total 21888K, used 7827K [0x00000000eb2a0000, 0x00000000ec800000, 0x0000000100000000)
   the space 21888K,  35% used [0x00000000eb2a0000, 0x00000000eba44c08, 0x00000000eba44e00, 0x00000000ec800000)
 Metaspace       used 14510K, capacity 16067K, committed 16256K, reserved 1062912K
  class space    used 1639K, capacity 1869K, committed 1920K, reserved 1048576K
}
Event: 3.775 GC heap after
{Heap after GC invocations=14 (full 0):
 def new generation   total 9792K, used 582K [0x00000000e0c00000, 0x00000000e16a0000, 0x00000000eb2a0000)
  eden space 8704K,   0% used [0x00000000e0c00000, 0x00000000e0c00000, 0x00000000e1480000)
  from space 1088K,  53% used [0x00000000e1480000, 0x00000000e1511870, 0x00000000e1590000)
  to   space 1088K,   0% used [0x00000000e1590000, 0x00000000e1590000, 0x00000000e16a0000)
 tenured generation   total 21888K, used 8720K [0x00000000eb2a0000, 0x00000000ec800000, 0x0000000100000000)
   the space 21888K,  39% used [0x00000000eb2a0000, 0x00000000ebb24300, 0x00000000ebb24400, 0x00000000ec800000)
 Metaspace       used 14510K, capacity 16067K, committed 16256K, reserved 1062912K
  class space    used 1639K, capacity 1869K, committed 1920K, reserved 1048576K
}
Event: 3.963 GC heap before
{Heap before GC invocations=14 (full 0):
 def new generation   total 9792K, used 9286K [0x00000000e0c00000, 0x00000000e16a0000, 0x00000000eb2a0000)
  eden space 8704K, 100% used [0x00000000e0c00000, 0x00000000e1480000, 0x00000000e1480000)
  from space 1088K,  53% used [0x00000000e1480000, 0x00000000e1511870, 0x00000000e1590000)
  to   space 1088K,   0% used [0x00000000e1590000, 0x00000000e1590000, 0x00000000e16a0000)
 tenured generation   total 21888K, used 8720K [0x00000000eb2a0000, 0x00000000ec800000, 0x0000000100000000)
   the space 21888K,  39% used [0x00000000eb2a0000, 0x00000000ebb24300, 0x00000000ebb24400, 0x00000000ec800000)
 Metaspace       used 14878K, capacity 16390K, committed 16640K, reserved 1064960K
  class space    used 1667K, capacity 1934K, committed 2048K, reserved 1048576K
}
Event: 3.966 GC heap after
{Heap after GC invocations=15 (full 0):
 def new generation   total 9792K, used 483K [0x00000000e0c00000, 0x00000000e16a0000, 0x00000000eb2a0000)
  eden space 8704K,   0% used [0x00000000e0c00000, 0x00000000e0c00000, 0x00000000e1480000)
  from space 1088K,  44% used [0x00000000e1590000, 0x00000000e1608d80, 0x00000000e16a0000)
  to   space 1088K,   0% used [0x00000000e1480000, 0x00000000e1480000, 0x00000000e1590000)
 tenured generation   total 21888K, used 9186K [0x00000000eb2a0000, 0x00000000ec800000, 0x0000000100000000)
   the space 21888K,  41% used [0x00000000eb2a0000, 0x00000000ebb98938, 0x00000000ebb98a00, 0x00000000ec800000)
 Metaspace       used 14878K, capacity 16390K, committed 16640K, reserved 1064960K
  class space    used 1667K, capacity 1934K, committed 2048K, reserved 1048576K
}
Event: 4.139 GC heap before
{Heap before GC invocations=15 (full 0):
 def new generation   total 9792K, used 9187K [0x00000000e0c00000, 0x00000000e16a0000, 0x00000000eb2a0000)
  eden space 8704K, 100% used [0x00000000e0c00000, 0x00000000e1480000, 0x00000000e1480000)
  from space 1088K,  44% used [0x00000000e1590000, 0x00000000e1608d80, 0x00000000e16a0000)
  to   space 1088K,   0% used [0x00000000e1480000, 0x00000000e1480000, 0x00000000e1590000)
 tenured generation   total 21888K, used 9186K [0x00000000eb2a0000, 0x00000000ec800000, 0x0000000100000000)
   the space 21888K,  41% used [0x00000000eb2a0000, 0x00000000ebb98938, 0x00000000ebb98a00, 0x00000000ec800000)
 Metaspace       used 15808K, capacity 17308K, committed 17536K, reserved 1064960K
  class space    used 1819K, capacity 2114K, committed 2176K, reserved 1048576K
}
Event: 4.143 GC heap after
{Heap after GC invocations=16 (full 0):
 def new generation   total 9792K, used 928K [0x00000000e0c00000, 0x00000000e16a0000, 0x00000000eb2a0000)
  eden space 8704K,   0% used [0x00000000e0c00000, 0x00000000e0c00000, 0x00000000e1480000)
  from space 1088K,  85% used [0x00000000e1480000, 0x00000000e15681b8, 0x00000000e1590000)
  to   space 1088K,   0% used [0x00000000e1590000, 0x00000000e1590000, 0x00000000e16a0000)
 tenured generation   total 21888K, used 9186K [0x00000000eb2a0000, 0x00000000ec800000, 0x0000000100000000)
   the space 21888K,  41% used [0x00000000eb2a0000, 0x00000000ebb98938, 0x00000000ebb98a00, 0x00000000ec800000)
 Metaspace       used 15808K, capacity 17308K, committed 17536K, reserved 1064960K
  class space    used 1819K, capacity 2114K, committed 2176K, reserved 1048576K
}
Event: 4.505 GC heap before
{Heap before GC invocations=16 (full 0):
 def new generation   total 9792K, used 9632K [0x00000000e0c00000, 0x00000000e16a0000, 0x00000000eb2a0000)
  eden space 8704K, 100% used [0x00000000e0c00000, 0x00000000e1480000, 0x00000000e1480000)
  from space 1088K,  85% used [0x00000000e1480000, 0x00000000e15681b8, 0x00000000e1590000)
  to   space 1088K,   0% used [0x00000000e1590000, 0x00000000e1590000, 0x00000000e16a0000)
 tenured generation   total 21888K, used 9186K [0x00000000eb2a0000, 0x00000000ec800000, 0x0000000100000000)
   the space 21888K,  41% used [0x00000000eb2a0000, 0x00000000ebb98938, 0x00000000ebb98a00, 0x00000000ec800000)
 Metaspace       used 17457K, capacity 18346K, committed 18432K, reserved 1064960K
  class space    used 2025K, capacity 2270K, committed 2304K, reserved 1048576K
}
Event: 4.515 GC heap after
{Heap after GC invocations=17 (full 0):
 def new generation   total 9792K, used 1088K [0x00000000e0c00000, 0x00000000e16a0000, 0x00000000eb2a0000)
  eden space 8704K,   0% used [0x00000000e0c00000, 0x00000000e0c00000, 0x00000000e1480000)
  from space 1088K, 100% used [0x00000000e1590000, 0x00000000e16a0000, 0x00000000e16a0000)
  to   space 1088K,   0% used [0x00000000e1480000, 0x00000000e1480000, 0x00000000e1590000)
 tenured generation   total 21888K, used 9883K [0x00000000eb2a0000, 0x00000000ec800000, 0x0000000100000000)
   the space 21888K,  45% used [0x00000000eb2a0000, 0x00000000ebc46ca0, 0x00000000ebc46e00, 0x00000000ec800000)
 Metaspace       used 17457K, capacity 18346K, committed 18432K, reserved 1064960K
  class space    used 2025K, capacity 2270K, committed 2304K, reserved 1048576K
}
Event: 4.931 GC heap before
{Heap before GC invocations=17 (full 0):
 def new generation   total 9792K, used 9792K [0x00000000e0c00000, 0x00000000e16a0000, 0x00000000eb2a0000)
  eden space 8704K, 100% used [0x00000000e0c00000, 0x00000000e1480000, 0x00000000e1480000)
  from space 1088K, 100% used [0x00000000e1590000, 0x00000000e16a0000, 0x00000000e16a0000)
  to   space 1088K,   0% used [0x00000000e1480000, 0x00000000e1480000, 0x00000000e1590000)
 tenured generation   total 21888K, used 9883K [0x00000000eb2a0000, 0x00000000ec800000, 0x0000000100000000)
   the space 21888K,  45% used [0x00000000eb2a0000, 0x00000000ebc46ca0, 0x00000000ebc46e00, 0x00000000ec800000)
 Metaspace       used 17579K, capacity 18481K, committed 18688K, reserved 1064960K
  class space    used 2029K, capacity 2271K, committed 2304K, reserved 1048576K
}
Event: 4.939 GC heap after
{Heap after GC invocations=18 (full 0):
 def new generation   total 9792K, used 754K [0x00000000e0c00000, 0x00000000e16a0000, 0x00000000eb2a0000)
  eden space 8704K,   0% used [0x00000000e0c00000, 0x00000000e0c00000, 0x00000000e1480000)
  from space 1088K,  69% used [0x00000000e1480000, 0x00000000e153caa8, 0x00000000e1590000)
  to   space 1088K,   0% used [0x00000000e1590000, 0x00000000e1590000, 0x00000000e16a0000)
 tenured generation   total 21888K, used 10943K [0x00000000eb2a0000, 0x00000000ec800000, 0x0000000100000000)
   the space 21888K,  49% used [0x00000000eb2a0000, 0x00000000ebd4fe20, 0x00000000ebd50000, 0x00000000ec800000)
 Metaspace       used 17579K, capacity 18481K, committed 18688K, reserved 1064960K
  class space    used 2029K, capacity 2271K, committed 2304K, reserved 1048576K
}
Event: 5.033 GC heap before
{Heap before GC invocations=18 (full 0):
 def new generation   total 9792K, used 9445K [0x00000000e0c00000, 0x00000000e16a0000, 0x00000000eb2a0000)
  eden space 8704K,  99% used [0x00000000e0c00000, 0x00000000e147c9a0, 0x00000000e1480000)
  from space 1088K,  69% used [0x00000000e1480000, 0x00000000e153caa8, 0x00000000e1590000)
  to   space 1088K,   0% used [0x00000000e1590000, 0x00000000e1590000, 0x00000000e16a0000)
 tenured generation   total 21888K, used 10943K [0x00000000eb2a0000, 0x00000000ec800000, 0x0000000100000000)
   the space 21888K,  49% used [0x00000000eb2a0000, 0x00000000ebd4fe20, 0x00000000ebd50000, 0x00000000ec800000)
 Metaspace       used 17612K, capacity 18487K, committed 18688K, reserved 1064960K
  class space    used 2030K, capacity 2273K, committed 2304K, reserved 1048576K
}
Event: 5.038 GC heap after
{Heap after GC invocations=19 (full 0):
 def new generation   total 9792K, used 508K [0x00000000e0c00000, 0x00000000e16a0000, 0x00000000eb2a0000)
  eden space 8704K,   0% used [0x00000000e0c00000, 0x00000000e0c00000, 0x00000000e1480000)
  from space 1088K,  46% used [0x00000000e1590000, 0x00000000e160f170, 0x00000000e16a0000)
  to   space 1088K,   0% used [0x00000000e1480000, 0x00000000e1480000, 0x00000000e1590000)
 tenured generation   total 21888K, used 11502K [0x00000000eb2a0000, 0x00000000ec800000, 0x0000000100000000)
   the space 21888K,  52% used [0x00000000eb2a0000, 0x00000000ebddbac0, 0x00000000ebddbc00, 0x00000000ec800000)
 Metaspace       used 17612K, capacity 18487K, committed 18688K, reserved 1064960K
  class space    used 2030K, capacity 2273K, committed 2304K, reserved 1048576K
}
Event: 5.119 GC heap before
{Heap before GC invocations=19 (full 0):
 def new generation   total 9792K, used 9212K [0x00000000e0c00000, 0x00000000e16a0000, 0x00000000eb2a0000)
  eden space 8704K, 100% used [0x00000000e0c00000, 0x00000000e1480000, 0x00000000e1480000)
  from space 1088K,  46% used [0x00000000e1590000, 0x00000000e160f170, 0x00000000e16a0000)
  to   space 1088K,   0% used [0x00000000e1480000, 0x00000000e1480000, 0x00000000e1590000)
 tenured generation   total 21888K, used 11502K [0x00000000eb2a0000, 0x00000000ec800000, 0x0000000100000000)
   the space 21888K,  52% used [0x00000000eb2a0000, 0x00000000ebddbac0, 0x00000000ebddbc00, 0x00000000ec800000)
 Metaspace       used 17695K, capacity 18608K, committed 18816K, reserved 1064960K
  class space    used 2046K, capacity 2313K, committed 2432K, reserved 1048576K
}
Event: 5.123 GC heap after
{Heap after GC invocations=20 (full 0):
 def new generation   total 9792K, used 954K [0x00000000e0c00000, 0x00000000e16a0000, 0x00000000eb2a0000)
  eden space 8704K,   0% used [0x00000000e0c00000, 0x00000000e0c00000, 0x00000000e1480000)
  from space 1088K,  87% used [0x00000000e1480000, 0x00000000e156ea18, 0x00000000e1590000)
  to   space 1088K,   0% used [0x00000000e1590000, 0x00000000e1590000, 0x00000000e16a0000)
 tenured generation   total 21888K, used 11502K [0x00000000eb2a0000, 0x00000000ec800000, 0x0000000100000000)
   the space 21888K,  52% used [0x00000000eb2a0000, 0x00000000ebddbac0, 0x00000000ebddbc00, 0x00000000ec800000)
 Metaspace       used 17695K, capacity 18608K, committed 18816K, reserved 1064960K
  class space    used 2046K, capacity 2313K, committed 2432K, reserved 1048576K
}
Event: 5.930 GC heap before
{Heap before GC invocations=20 (full 0):
 def new generation   total 9792K, used 9658K [0x00000000e0c00000, 0x00000000e16a0000, 0x00000000eb2a0000)
  eden space 8704K, 100% used [0x00000000e0c00000, 0x00000000e1480000, 0x00000000e1480000)
  from space 1088K,  87% used [0x00000000e1480000, 0x00000000e156ea18, 0x00000000e1590000)
  to   space 1088K,   0% used [0x00000000e1590000, 0x00000000e1590000, 0x00000000e16a0000)
 tenured generation   total 21888K, used 11502K [0x00000000eb2a0000, 0x00000000ec800000, 0x0000000100000000)
   the space 21888K,  52% used [0x00000000eb2a0000, 0x00000000ebddbac0, 0x00000000ebddbc00, 0x00000000ec800000)
 Metaspace       used 18866K, capacity 19580K, committed 19712K, reserved 1067008K
  class space    used 2214K, capacity 2465K, committed 2560K, reserved 1048576K
}
Event: 5.937 GC heap after
{Heap after GC invocations=21 (full 0):
 def new generation   total 9792K, used 1088K [0x00000000e0c00000, 0x00000000e16a0000, 0x00000000eb2a0000)
  eden space 8704K,   0% used [0x00000000e0c00000, 0x00000000e0c00000, 0x00000000e1480000)
  from space 1088K, 100% used [0x00000000e1590000, 0x00000000e16a0000, 0x00000000e16a0000)
  to   space 1088K,   0% used [0x00000000e1480000, 0x00000000e1480000, 0x00000000e1590000)
 tenured generation   total 21888K, used 12313K [0x00000000eb2a0000, 0x00000000ec800000, 0x0000000100000000)
   the space 21888K,  56% used [0x00000000eb2a0000, 0x00000000ebea64f8, 0x00000000ebea6600, 0x00000000ec800000)
 Metaspace       used 18866K, capacity 19580K, committed 19712K, reserved 1067008K
  class space    used 2214K, capacity 2465K, committed 2560K, reserved 1048576K
}
Event: 6.605 GC heap before
{Heap before GC invocations=21 (full 0):
 def new generation   total 9792K, used 3697K [0x00000000e0c00000, 0x00000000e16a0000, 0x00000000eb2a0000)
  eden space 8704K,  29% used [0x00000000e0c00000, 0x00000000e0e8c5f8, 0x00000000e1480000)
  from space 1088K, 100% used [0x00000000e1590000, 0x00000000e16a0000, 0x00000000e16a0000)
  to   space 1088K,   0% used [0x00000000e1480000, 0x00000000e1480000, 0x00000000e1590000)
 tenured generation   total 21888K, used 12313K [0x00000000eb2a0000, 0x00000000ec800000, 0x0000000100000000)
   the space 21888K,  56% used [0x00000000eb2a0000, 0x00000000ebea64f8, 0x00000000ebea6600, 0x00000000ec800000)
 Metaspace       used 20544K, capacity 21209K, committed 21296K, reserved 1069056K
  class space    used 2403K, capacity 2652K, committed 2688K, reserved 1048576K
}
Event: 6.642 GC heap after
{Heap after GC invocations=22 (full 1):
 def new generation   total 10304K, used 0K [0x00000000e0c00000, 0x00000000e1720000, 0x00000000eb2a0000)
  eden space 9216K,   0% used [0x00000000e0c00000, 0x00000000e0c00000, 0x00000000e1500000)
  from space 1088K,   0% used [0x00000000e1500000, 0x00000000e1500000, 0x00000000e1610000)
  to   space 1088K,   0% used [0x00000000e1610000, 0x00000000e1610000, 0x00000000e1720000)
 tenured generation   total 22760K, used 13654K [0x00000000eb2a0000, 0x00000000ec8da000, 0x0000000100000000)
   the space 22760K,  59% used [0x00000000eb2a0000, 0x00000000ebff5b98, 0x00000000ebff5c00, 0x00000000ec8da000)
 Metaspace       used 20544K, capacity 21209K, committed 21296K, reserved 1069056K
  class space    used 2403K, capacity 2652K, committed 2688K, reserved 1048576K
}

