# JRE version: OpenJDK Runtime Environment (11.0.6+10) (build 11.0.6+10-post-Debian-1bpo91)
# Java VM: OpenJDK 64-Bit Server VM (11.0.6+10-post-Debian-1bpo91, mixed mode, sharing, tiered, compressed oops, serial gc, linux-amd64)
Heap:
 def new generation   total 9792K, used 7012K [0x00000000e0c00000, 0x00000000e16a0000, 0x00000000eb2a0000)
  eden space 8704K,  70% used [0x00000000e0c00000, 0x00000000e11f9d18, 0x00000000e1480000)
  from space 1088K,  82% used [0x00000000e1590000, 0x00000000e166f3f0, 0x00000000e16a0000)
  to   space 1088K,   0% used [0x00000000e1480000, 0x00000000e1480000, 0x00000000e1590000)
 tenured generation   total 21888K, used 7833K [0x00000000eb2a0000, 0x00000000ec800000, 0x0000000100000000)
   the space 21888K,  35% used [0x00000000eb2a0000, 0x00000000eba46468, 0x00000000eba46600, 0x00000000ec800000)
 Metaspace       used 14460K, capacity 15985K, committed 16256K, reserved 1062912K
  class space    used 1637K, capacity 1867K, committed 1920K, reserved 1048576K
GC Heap History (20 events):
Event: 1.419 GC heap before
{Heap before GC invocations=3 (full 0):
 def new generation   total 9792K, used 9417K [0x00000000e0c00000, 0x00000000e16a0000, 0x00000000eb2a0000)
  eden space 8704K, 100% used [0x00000000e0c00000, 0x00000000e1480000, 0x00000000e1480000)
  from space 1088K,  65% used [0x00000000e1590000, 0x00000000e1642740, 0x00000000e16a0000)
  to   space 1088K,   0% used [0x00000000e1480000, 0x00000000e1480000, 0x00000000e1590000)
 tenured generation   total 21888K, used 2701K [0x00000000eb2a0000, 0x00000000ec800000, 0x0000000100000000)
   the space 21888K,  12% used [0x00000000eb2a0000, 0x00000000eb543500, 0x00000000eb543600, 0x00000000ec800000)
 Metaspace       used 6429K, capacity 8813K, committed 8960K, reserved 1056768K
  class space    used 753K, capacity 1023K, committed 1024K, reserved 1048576K
}
Event: 1.423 GC heap after
{Heap after GC invocations=4 (full 0):
 def new generation   total 9792K, used 645K [0x00000000e0c00000, 0x00000000e16a0000, 0x00000000eb2a0000)
  eden space 8704K,   0% used [0x00000000e0c00000, 0x00000000e0c00000, 0x00000000e1480000)
  from space 1088K,  59% used [0x00000000e1480000, 0x00000000e1521540, 0x00000000e1590000)
  to   space 1088K,   0% used [0x00000000e1590000, 0x00000000e1590000, 0x00000000e16a0000)
 tenured generation   total 21888K, used 3138K [0x00000000eb2a0000, 0x00000000ec800000, 0x0000000100000000)
   the space 21888K,  14% used [0x00000000eb2a0000, 0x00000000eb5b0830, 0x00000000eb5b0a00, 0x00000000ec800000)
 Metaspace       used 6429K, capacity 8813K, committed 8960K, reserved 1056768K
  class space    used 753K, capacity 1023K, committed 1024K, reserved 1048576K
}
Event: 1.615 GC heap before
{Heap before GC invocations=4 (full 0):
 def new generation   total 9792K, used 9349K [0x00000000e0c00000, 0x00000000e16a0000, 0x00000000eb2a0000)
  eden space 8704K, 100% used [0x00000000e0c00000, 0x00000000e1480000, 0x00000000e1480000)
  from space 1088K,  59% used [0x00000000e1480000, 0x00000000e1521540, 0x00000000e1590000)
  to   space 1088K,   0% used [0x00000000e1590000, 0x00000000e1590000, 0x00000000e16a0000)
 tenured generation   total 21888K, used 3138K [0x00000000eb2a0000, 0x00000000ec800000, 0x0000000100000000)
   the space 21888K,  14% used [0x00000000eb2a0000, 0x00000000eb5b0830, 0x00000000eb5b0a00, 0x00000000ec800000)
 Metaspace       used 8075K, capacity 10345K, committed 10496K, reserved 1058816K
  class space    used 977K, capacity 1257K, committed 1280K, reserved 1048576K
}
Event: 1.618 GC heap after
{Heap after GC invocations=5 (full 0):
 def new generation   total 9792K, used 756K [0x00000000e0c00000, 0x00000000e16a0000, 0x00000000eb2a0000)
  eden space 8704K,   0% used [0x00000000e0c00000, 0x00000000e0c00000, 0x00000000e1480000)
  from space 1088K,  69% used [0x00000000e1590000, 0x00000000e164d370, 0x00000000e16a0000)
  to   space 1088K,   0% used [0x00000000e1480000, 0x00000000e1480000, 0x00000000e1590000)
 tenured generation   total 21888K, used 3395K [0x00000000eb2a0000, 0x00000000ec800000, 0x0000000100000000)
   the space 21888K,  15% used [0x00000000eb2a0000, 0x00000000eb5f0fc8, 0x00000000eb5f1000, 0x00000000ec800000)
 Metaspace       used 8075K, capacity 10345K, committed 10496K, reserved 1058816K
  class space    used 977K, capacity 1257K, committed 1280K, reserved 1048576K
}
Event: 1.885 GC heap before
{Heap before GC invocations=5 (full 0):
 def new generation   total 9792K, used 9460K [0x00000000e0c00000, 0x00000000e16a0000, 0x00000000eb2a0000)
  eden space 8704K, 100% used [0x00000000e0c00000, 0x00000000e1480000, 0x00000000e1480000)
  from space 1088K,  69% used [0x00000000e1590000, 0x00000000e164d370, 0x00000000e16a0000)
  to   space 1088K,   0% used [0x00000000e1480000, 0x00000000e1480000, 0x00000000e1590000)
 tenured generation   total 21888K, used 3395K [0x00000000eb2a0000, 0x00000000ec800000, 0x0000000100000000)
   the space 21888K,  15% used [0x00000000eb2a0000, 0x00000000eb5f0fc8, 0x00000000eb5f1000, 0x00000000ec800000)
 Metaspace       used 9642K, capacity 11930K, committed 12288K, reserved 1060864K
  class space    used 1187K, capacity 1483K, committed 1536K, reserved 1048576K
}
Event: 1.892 GC heap after
{Heap after GC invocations=6 (full 0):
 def new generation   total 9792K, used 1087K [0x00000000e0c00000, 0x00000000e16a0000, 0x00000000eb2a0000)
  eden space 8704K,   0% used [0x00000000e0c00000, 0x00000000e0c00000, 0x00000000e1480000)
  from space 1088K,  99% used [0x00000000e1480000, 0x00000000e158fff8, 0x00000000e1590000)
  to   space 1088K,   0% used [0x00000000e1590000, 0x00000000e1590000, 0x00000000e16a0000)
 tenured generation   total 21888K, used 3736K [0x00000000eb2a0000, 0x00000000ec800000, 0x0000000100000000)
   the space 21888K,  17% used [0x00000000eb2a0000, 0x00000000eb646010, 0x00000000eb646200, 0x00000000ec800000)
 Metaspace       used 9642K, capacity 11930K, committed 12288K, reserved 1060864K
  class space    used 1187K, capacity 1483K, committed 1536K, reserved 1048576K
}
Event: 2.258 GC heap before
{Heap before GC invocations=6 (full 0):
 def new generation   total 9792K, used 9791K [0x00000000e0c00000, 0x00000000e16a0000, 0x00000000eb2a0000)
  eden space 8704K, 100% used [0x00000000e0c00000, 0x00000000e1480000, 0x00000000e1480000)
  from space 1088K,  99% used [0x00000000e1480000, 0x00000000e158fff8, 0x00000000e1590000)
  to   space 1088K,   0% used [0x00000000e1590000, 0x00000000e1590000, 0x00000000e16a0000)
 tenured generation   total 21888K, used 3736K [0x00000000eb2a0000, 0x00000000ec800000, 0x0000000100000000)
   the space 21888K,  17% used [0x00000000eb2a0000, 0x00000000eb646010, 0x00000000eb646200, 0x00000000ec800000)
 Metaspace       used 11495K, capacity 13433K, committed 13696K, reserved 1060864K
  class space    used 1408K, capacity 1654K, committed 1664K, reserved 1048576K
}
Event: 2.265 GC heap after
{Heap after GC invocations=7 (full 0):
 def new generation   total 9792K, used 816K [0x00000000e0c00000, 0x00000000e16a0000, 0x00000000eb2a0000)
  eden space 8704K,   0% used [0x00000000e0c00000, 0x00000000e0c00000, 0x00000000e1480000)
  from space 1088K,  75% used [0x00000000e1590000, 0x00000000e165c278, 0x00000000e16a0000)
  to   space 1088K,   0% used [0x00000000e1480000, 0x00000000e1480000, 0x00000000e1590000)
 tenured generation   total 21888K, used 4813K [0x00000000eb2a0000, 0x00000000ec800000, 0x0000000100000000)
   the space 21888K,  21% used [0x00000000eb2a0000, 0x00000000eb753650, 0x00000000eb753800, 0x00000000ec800000)
 Metaspace       used 11495K, capacity 13433K, committed 13696K, reserved 1060864K
  class space    used 1408K, capacity 1654K, committed 1664K, reserved 1048576K
}
Event: 2.535 GC heap before
{Heap before GC invocations=7 (full 0):
 def new generation   total 9792K, used 9520K [0x00000000e0c00000, 0x00000000e16a0000, 0x00000000eb2a0000)
  eden space 8704K, 100% used [0x00000000e0c00000, 0x00000000e1480000, 0x00000000e1480000)
  from space 1088K,  75% used [0x00000000e1590000, 0x00000000e165c278, 0x00000000e16a0000)
  to   space 1088K,   0% used [0x00000000e1480000, 0x00000000e1480000, 0x00000000e1590000)
 tenured generation   total 21888K, used 4813K [0x00000000eb2a0000, 0x00000000ec800000, 0x0000000100000000)
   the space 21888K,  21% used [0x00000000eb2a0000, 0x00000000eb753650, 0x00000000eb753800, 0x00000000ec800000)
 Metaspace       used 12671K, capacity 14396K, committed 14848K, reserved 1062912K
  class space    used 1502K, capacity 1719K, committed 1792K, reserved 1048576K
}
Event: 2.544 GC heap after
{Heap after GC invocations=8 (full 0):
 def new generation   total 9792K, used 959K [0x00000000e0c00000, 0x00000000e16a0000, 0x00000000eb2a0000)
  eden space 8704K,   0% used [0x00000000e0c00000, 0x00000000e0c00000, 0x00000000e1480000)
  from space 1088K,  88% used [0x00000000e1480000, 0x00000000e156fd38, 0x00000000e1590000)
  to   space 1088K,   0% used [0x00000000e1590000, 0x00000000e1590000, 0x00000000e16a0000)
 tenured generation   total 21888K, used 5601K [0x00000000eb2a0000, 0x00000000ec800000, 0x0000000100000000)
   the space 21888K,  25% used [0x00000000eb2a0000, 0x00000000eb8185a0, 0x00000000eb818600, 0x00000000ec800000)
 Metaspace       used 12671K, capacity 14396K, committed 14848K, reserved 1062912K
  class space    used 1502K, capacity 1719K, committed 1792K, reserved 1048576K
}
Event: 2.820 GC heap before
{Heap before GC invocations=8 (full 0):
 def new generation   total 9792K, used 9663K [0x00000000e0c00000, 0x00000000e16a0000, 0x00000000eb2a0000)
  eden space 8704K, 100% used [0x00000000e0c00000, 0x00000000e1480000, 0x00000000e1480000)
  from space 1088K,  88% used [0x00000000e1480000, 0x00000000e156fd38, 0x00000000e1590000)
  to   space 1088K,   0% used [0x00000000e1590000, 0x00000000e1590000, 0x00000000e16a0000)
 tenured generation   total 21888K, used 5601K [0x00000000eb2a0000, 0x00000000ec800000, 0x0000000100000000)
   the space 21888K,  25% used [0x00000000eb2a0000, 0x00000000eb8185a0, 0x00000000eb818600, 0x00000000ec800000)
 Metaspace       used 13042K, capacity 14696K, committed 15104K, reserved 1062912K
  class space    used 1529K, capacity 1755K, committed 1792K, reserved 1048576K
}
Event: 2.826 GC heap after
{Heap after GC invocations=9 (full 0):
 def new generation   total 9792K, used 646K [0x00000000e0c00000, 0x00000000e16a0000, 0x00000000eb2a0000)
  eden space 8704K,   0% used [0x00000000e0c00000, 0x00000000e0c00000, 0x00000000e1480000)
  from space 1088K,  59% used [0x00000000e1590000, 0x00000000e16319e0, 0x00000000e16a0000)
  to   space 1088K,   0% used [0x00000000e1480000, 0x00000000e1480000, 0x00000000e1590000)
 tenured generation   total 21888K, used 6405K [0x00000000eb2a0000, 0x00000000ec800000, 0x0000000100000000)
   the space 21888K,  29% used [0x00000000eb2a0000, 0x00000000eb8e1478, 0x00000000eb8e1600, 0x00000000ec800000)
 Metaspace       used 13042K, capacity 14696K, committed 15104K, reserved 1062912K
  class space    used 1529K, capacity 1755K, committed 1792K, reserved 1048576K
}
Event: 3.063 GC heap before
{Heap before GC invocations=9 (full 0):
 def new generation   total 9792K, used 9350K [0x00000000e0c00000, 0x00000000e16a0000, 0x00000000eb2a0000)
  eden space 8704K, 100% used [0x00000000e0c00000, 0x00000000e1480000, 0x00000000e1480000)
  from space 1088K,  59% used [0x00000000e1590000, 0x00000000e16319e0, 0x00000000e16a0000)
  to   space 1088K,   0% used [0x00000000e1480000, 0x00000000e1480000, 0x00000000e1590000)
 tenured generation   total 21888K, used 6405K [0x00000000eb2a0000, 0x00000000ec800000, 0x0000000100000000)
   the space 21888K,  29% used [0x00000000eb2a0000, 0x00000000eb8e1478, 0x00000000eb8e1600, 0x00000000ec800000)
 Metaspace       used 13313K, capacity 14975K, committed 15360K, reserved 1062912K
  class space    used 1548K, capacity 1761K, committed 1792K, reserved 1048576K
}
Event: 3.066 GC heap after
{Heap after GC invocations=10 (full 0):
 def new generation   total 9792K, used 397K [0x00000000e0c00000, 0x00000000e16a0000, 0x00000000eb2a0000)
  eden space 8704K,   0% used [0x00000000e0c00000, 0x00000000e0c00000, 0x00000000e1480000)
  from space 1088K,  36% used [0x00000000e1480000, 0x00000000e14e36b8, 0x00000000e1590000)
  to   space 1088K,   0% used [0x00000000e1590000, 0x00000000e1590000, 0x00000000e16a0000)
 tenured generation   total 21888K, used 6995K [0x00000000eb2a0000, 0x00000000ec800000, 0x0000000100000000)
   the space 21888K,  31% used [0x00000000eb2a0000, 0x00000000eb974fa8, 0x00000000eb975000, 0x00000000ec800000)
 Metaspace       used 13313K, capacity 14975K, committed 15360K, reserved 1062912K
  class space    used 1548K, capacity 1761K, committed 1792K, reserved 1048576K
}
Event: 3.286 GC heap before
{Heap before GC invocations=10 (full 0):
 def new generation   total 9792K, used 9101K [0x00000000e0c00000, 0x00000000e16a0000, 0x00000000eb2a0000)
  eden space 8704K, 100% used [0x00000000e0c00000, 0x00000000e1480000, 0x00000000e1480000)
  from space 1088K,  36% used [0x00000000e1480000, 0x00000000e14e36b8, 0x00000000e1590000)
  to   space 1088K,   0% used [0x00000000e1590000, 0x00000000e1590000, 0x00000000e16a0000)
 tenured generation   total 21888K, used 6995K [0x00000000eb2a0000, 0x00000000ec800000, 0x0000000100000000)
   the space 21888K,  31% used [0x00000000eb2a0000, 0x00000000eb974fa8, 0x00000000eb975000, 0x00000000ec800000)
 Metaspace       used 13854K, capacity 15425K, committed 15744K, reserved 1062912K
  class space    used 1605K, capacity 1827K, committed 1920K, reserved 1048576K
}
Event: 3.289 GC heap after
{Heap after GC invocations=11 (full 0):
 def new generation   total 9792K, used 946K [0x00000000e0c00000, 0x00000000e16a0000, 0x00000000eb2a0000)
  eden space 8704K,   0% used [0x00000000e0c00000, 0x00000000e0c00000, 0x00000000e1480000)
  from space 1088K,  86% used [0x00000000e1590000, 0x00000000e167c908, 0x00000000e16a0000)
  to   space 1088K,   0% used [0x00000000e1480000, 0x00000000e1480000, 0x00000000e1590000)
 tenured generation   total 21888K, used 6995K [0x00000000eb2a0000, 0x00000000ec800000, 0x0000000100000000)
   the space 21888K,  31% used [0x00000000eb2a0000, 0x00000000eb974fa8, 0x00000000eb975000, 0x00000000ec800000)
 Metaspace       used 13854K, capacity 15425K, committed 15744K, reserved 1062912K
  class space    used 1605K, capacity 1827K, committed 1920K, reserved 1048576K
}
Event: 3.405 GC heap before
{Heap before GC invocations=11 (full 0):
 def new generation   total 9792K, used 9650K [0x00000000e0c00000, 0x00000000e16a0000, 0x00000000eb2a0000)
  eden space 8704K, 100% used [0x00000000e0c00000, 0x00000000e1480000, 0x00000000e1480000)
  from space 1088K,  86% used [0x00000000e1590000, 0x00000000e167c908, 0x00000000e16a0000)
  to   space 1088K,   0% used [0x00000000e1480000, 0x00000000e1480000, 0x00000000e1590000)
 tenured generation   total 21888K, used 6995K [0x00000000eb2a0000, 0x00000000ec800000, 0x0000000100000000)
   the space 21888K,  31% used [0x00000000eb2a0000, 0x00000000eb974fa8, 0x00000000eb975000, 0x00000000ec800000)
 Metaspace       used 13908K, capacity 15489K, committed 15744K, reserved 1062912K
  class space    used 1605K, capacity 1827K, committed 1920K, reserved 1048576K
}
Event: 3.410 GC heap after
{Heap after GC invocations=12 (full 0):
 def new generation   total 9792K, used 535K [0x00000000e0c00000, 0x00000000e16a0000, 0x00000000eb2a0000)
  eden space 8704K,   0% used [0x00000000e0c00000, 0x00000000e0c00000, 0x00000000e1480000)
  from space 1088K,  49% used [0x00000000e1480000, 0x00000000e1505df8, 0x00000000e1590000)
  to   space 1088K,   0% used [0x00000000e1590000, 0x00000000e1590000, 0x00000000e16a0000)
 tenured generation   total 21888K, used 7833K [0x00000000eb2a0000, 0x00000000ec800000, 0x0000000100000000)
   the space 21888K,  35% used [0x00000000eb2a0000, 0x00000000eba46468, 0x00000000eba46600, 0x00000000ec800000)
 Metaspace       used 13908K, capacity 15489K, committed 15744K, reserved 1062912K
  class space    used 1605K, capacity 1827K, committed 1920K, reserved 1048576K
}
Event: 3.509 GC heap before
{Heap before GC invocations=12 (full 0):
 def new generation   total 9792K, used 9239K [0x00000000e0c00000, 0x00000000e16a0000, 0x00000000eb2a0000)
  eden space 8704K, 100% used [0x00000000e0c00000, 0x00000000e1480000, 0x00000000e1480000)
  from space 1088K,  49% used [0x00000000e1480000, 0x00000000e1505df8, 0x00000000e1590000)
  to   space 1088K,   0% used [0x00000000e1590000, 0x00000000e1590000, 0x00000000e16a0000)
 tenured generation   total 21888K, used 7833K [0x00000000eb2a0000, 0x00000000ec800000, 0x0000000100000000)
   the space 21888K,  35% used [0x00000000eb2a0000, 0x00000000eba46468, 0x00000000eba46600, 0x00000000ec800000)
 Metaspace       used 14029K, capacity 15631K, committed 16000K, reserved 1062912K
  class space    used 1610K, capacity 1833K, committed 1920K, reserved 1048576K
}
Event: 3.511 GC heap after
{Heap after GC invocations=13 (full 0):
 def new generation   total 9792K, used 892K [0x00000000e0c00000, 0x00000000e16a0000, 0x00000000eb2a0000)
  eden space 8704K,   0% used [0x00000000e0c00000, 0x00000000e0c00000, 0x00000000e1480000)
  from space 1088K,  82% used [0x00000000e1590000, 0x00000000e166f3f0, 0x00000000e16a0000)
  to   space 1088K,   0% used [0x00000000e1480000, 0x00000000e1480000, 0x00000000e1590000)
 tenured generation   total 21888K, used 7833K [0x00000000eb2a0000, 0x00000000ec800000, 0x0000000100000000)
   the space 21888K,  35% used [0x00000000eb2a0000, 0x00000000eba46468, 0x00000000eba46600, 0x00000000ec800000)
 Metaspace       used 14029K, capacity 15631K, committed 16000K, reserved 1062912K
  class space    used 1610K, capacity 1833K, committed 1920K, reserved 1048576K
}

