# JRE version: OpenJDK Runtime Environment (11.0.6+10) (build 11.0.6+10-post-Debian-1bpo91)
# Java VM: OpenJDK 64-Bit Server VM (11.0.6+10-post-Debian-1bpo91, mixed mode, sharing, tiered, compressed oops, serial gc, linux-amd64)
Heap:
 def new generation   total 9792K, used 3934K [0x00000000e0c00000, 0x00000000e16a0000, 0x00000000eb2a0000)
  eden space 8704K,  34% used [0x00000000e0c00000, 0x00000000e0ef5888, 0x00000000e1480000)
  from space 1088K,  83% used [0x00000000e1480000, 0x00000000e1561f88, 0x00000000e1590000)
  to   space 1088K,   0% used [0x00000000e1590000, 0x00000000e1590000, 0x00000000e16a0000)
 tenured generation   total 21888K, used 9185K [0x00000000eb2a0000, 0x00000000ec800000, 0x0000000100000000)
   the space 21888K,  41% used [0x00000000eb2a0000, 0x00000000ebb98588, 0x00000000ebb98600, 0x00000000ec800000)
 Metaspace       used 16568K, capacity 17777K, committed 18176K, reserved 1064960K
  class space    used 1905K, capacity 2185K, committed 2304K, reserved 1048576K
GC Heap History (20 events):
Event: 2.426 GC heap before
{Heap before GC invocations=6 (full 0):
 def new generation   total 9792K, used 9790K [0x00000000e0c00000, 0x00000000e16a0000, 0x00000000eb2a0000)
  eden space 8704K,  99% used [0x00000000e0c00000, 0x00000000e147f930, 0x00000000e1480000)
  from space 1088K, 100% used [0x00000000e1480000, 0x00000000e1590000, 0x00000000e1590000)
  to   space 1088K,   0% used [0x00000000e1590000, 0x00000000e1590000, 0x00000000e16a0000)
 tenured generation   total 21888K, used 3837K [0x00000000eb2a0000, 0x00000000ec800000, 0x0000000100000000)
   the space 21888K,  17% used [0x00000000eb2a0000, 0x00000000eb65f560, 0x00000000eb65f600, 0x00000000ec800000)
 Metaspace       used 11693K, capacity 13561K, committed 13696K, reserved 1060864K
  class space    used 1412K, capacity 1654K, committed 1664K, reserved 1048576K
}
Event: 2.433 GC heap after
{Heap after GC invocations=7 (full 0):
 def new generation   total 9792K, used 739K [0x00000000e0c00000, 0x00000000e16a0000, 0x00000000eb2a0000)
  eden space 8704K,   0% used [0x00000000e0c00000, 0x00000000e0c00000, 0x00000000e1480000)
  from space 1088K,  67% used [0x00000000e1590000, 0x00000000e1648c50, 0x00000000e16a0000)
  to   space 1088K,   0% used [0x00000000e1480000, 0x00000000e1480000, 0x00000000e1590000)
 tenured generation   total 21888K, used 4912K [0x00000000eb2a0000, 0x00000000ec800000, 0x0000000100000000)
   the space 21888K,  22% used [0x00000000eb2a0000, 0x00000000eb76c1d0, 0x00000000eb76c200, 0x00000000ec800000)
 Metaspace       used 11693K, capacity 13561K, committed 13696K, reserved 1060864K
  class space    used 1412K, capacity 1654K, committed 1664K, reserved 1048576K
}
Event: 2.741 GC heap before
{Heap before GC invocations=7 (full 0):
 def new generation   total 9792K, used 9443K [0x00000000e0c00000, 0x00000000e16a0000, 0x00000000eb2a0000)
  eden space 8704K, 100% used [0x00000000e0c00000, 0x00000000e1480000, 0x00000000e1480000)
  from space 1088K,  67% used [0x00000000e1590000, 0x00000000e1648c50, 0x00000000e16a0000)
  to   space 1088K,   0% used [0x00000000e1480000, 0x00000000e1480000, 0x00000000e1590000)
 tenured generation   total 21888K, used 4912K [0x00000000eb2a0000, 0x00000000ec800000, 0x0000000100000000)
   the space 21888K,  22% used [0x00000000eb2a0000, 0x00000000eb76c1d0, 0x00000000eb76c200, 0x00000000ec800000)
 Metaspace       used 12742K, capacity 14402K, committed 14848K, reserved 1062912K
  class space    used 1503K, capacity 1721K, committed 1792K, reserved 1048576K
}
Event: 2.748 GC heap after
{Heap after GC invocations=8 (full 0):
 def new generation   total 9792K, used 957K [0x00000000e0c00000, 0x00000000e16a0000, 0x00000000eb2a0000)
  eden space 8704K,   0% used [0x00000000e0c00000, 0x00000000e0c00000, 0x00000000e1480000)
  from space 1088K,  87% used [0x00000000e1480000, 0x00000000e156f530, 0x00000000e1590000)
  to   space 1088K,   0% used [0x00000000e1590000, 0x00000000e1590000, 0x00000000e16a0000)
 tenured generation   total 21888K, used 5615K [0x00000000eb2a0000, 0x00000000ec800000, 0x0000000100000000)
   the space 21888K,  25% used [0x00000000eb2a0000, 0x00000000eb81bf90, 0x00000000eb81c000, 0x00000000ec800000)
 Metaspace       used 12742K, capacity 14402K, committed 14848K, reserved 1062912K
  class space    used 1503K, capacity 1721K, committed 1792K, reserved 1048576K
}
Event: 3.019 GC heap before
{Heap before GC invocations=8 (full 0):
 def new generation   total 9792K, used 9661K [0x00000000e0c00000, 0x00000000e16a0000, 0x00000000eb2a0000)
  eden space 8704K, 100% used [0x00000000e0c00000, 0x00000000e1480000, 0x00000000e1480000)
  from space 1088K,  87% used [0x00000000e1480000, 0x00000000e156f530, 0x00000000e1590000)
  to   space 1088K,   0% used [0x00000000e1590000, 0x00000000e1590000, 0x00000000e16a0000)
 tenured generation   total 21888K, used 5615K [0x00000000eb2a0000, 0x00000000ec800000, 0x0000000100000000)
   the space 21888K,  25% used [0x00000000eb2a0000, 0x00000000eb81bf90, 0x00000000eb81c000, 0x00000000ec800000)
 Metaspace       used 13103K, capacity 14760K, committed 15104K, reserved 1062912K
  class space    used 1529K, capacity 1755K, committed 1792K, reserved 1048576K
}
Event: 3.025 GC heap after
{Heap after GC invocations=9 (full 0):
 def new generation   total 9792K, used 637K [0x00000000e0c00000, 0x00000000e16a0000, 0x00000000eb2a0000)
  eden space 8704K,   0% used [0x00000000e0c00000, 0x00000000e0c00000, 0x00000000e1480000)
  from space 1088K,  58% used [0x00000000e1590000, 0x00000000e162f460, 0x00000000e16a0000)
  to   space 1088K,   0% used [0x00000000e1480000, 0x00000000e1480000, 0x00000000e1590000)
 tenured generation   total 21888K, used 6426K [0x00000000eb2a0000, 0x00000000ec800000, 0x0000000100000000)
   the space 21888K,  29% used [0x00000000eb2a0000, 0x00000000eb8e6b70, 0x00000000eb8e6c00, 0x00000000ec800000)
 Metaspace       used 13103K, capacity 14760K, committed 15104K, reserved 1062912K
  class space    used 1529K, capacity 1755K, committed 1792K, reserved 1048576K
}
Event: 3.272 GC heap before
{Heap before GC invocations=9 (full 0):
 def new generation   total 9792K, used 9341K [0x00000000e0c00000, 0x00000000e16a0000, 0x00000000eb2a0000)
  eden space 8704K, 100% used [0x00000000e0c00000, 0x00000000e1480000, 0x00000000e1480000)
  from space 1088K,  58% used [0x00000000e1590000, 0x00000000e162f460, 0x00000000e16a0000)
  to   space 1088K,   0% used [0x00000000e1480000, 0x00000000e1480000, 0x00000000e1590000)
 tenured generation   total 21888K, used 6426K [0x00000000eb2a0000, 0x00000000ec800000, 0x0000000100000000)
   the space 21888K,  29% used [0x00000000eb2a0000, 0x00000000eb8e6b70, 0x00000000eb8e6c00, 0x00000000ec800000)
 Metaspace       used 13396K, capacity 14977K, committed 15360K, reserved 1062912K
  class space    used 1550K, capacity 1763K, committed 1792K, reserved 1048576K
}
Event: 3.276 GC heap after
{Heap after GC invocations=10 (full 0):
 def new generation   total 9792K, used 423K [0x00000000e0c00000, 0x00000000e16a0000, 0x00000000eb2a0000)
  eden space 8704K,   0% used [0x00000000e0c00000, 0x00000000e0c00000, 0x00000000e1480000)
  from space 1088K,  38% used [0x00000000e1480000, 0x00000000e14e9da8, 0x00000000e1590000)
  to   space 1088K,   0% used [0x00000000e1590000, 0x00000000e1590000, 0x00000000e16a0000)
 tenured generation   total 21888K, used 7007K [0x00000000eb2a0000, 0x00000000ec800000, 0x0000000100000000)
   the space 21888K,  32% used [0x00000000eb2a0000, 0x00000000eb977d70, 0x00000000eb977e00, 0x00000000ec800000)
 Metaspace       used 13396K, capacity 14977K, committed 15360K, reserved 1062912K
  class space    used 1550K, capacity 1763K, committed 1792K, reserved 1048576K
}
Event: 3.480 GC heap before
{Heap before GC invocations=10 (full 0):
 def new generation   total 9792K, used 9127K [0x00000000e0c00000, 0x00000000e16a0000, 0x00000000eb2a0000)
  eden space 8704K, 100% used [0x00000000e0c00000, 0x00000000e1480000, 0x00000000e1480000)
  from space 1088K,  38% used [0x00000000e1480000, 0x00000000e14e9da8, 0x00000000e1590000)
  to   space 1088K,   0% used [0x00000000e1590000, 0x00000000e1590000, 0x00000000e16a0000)
 tenured generation   total 21888K, used 7007K [0x00000000eb2a0000, 0x00000000ec800000, 0x0000000100000000)
   the space 21888K,  32% used [0x00000000eb2a0000, 0x00000000eb977d70, 0x00000000eb977e00, 0x00000000ec800000)
 Metaspace       used 13901K, capacity 15425K, committed 15744K, reserved 1062912K
  class space    used 1605K, capacity 1827K, committed 1920K, reserved 1048576K
}
Event: 3.483 GC heap after
{Heap after GC invocations=11 (full 0):
 def new generation   total 9792K, used 890K [0x00000000e0c00000, 0x00000000e16a0000, 0x00000000eb2a0000)
  eden space 8704K,   0% used [0x00000000e0c00000, 0x00000000e0c00000, 0x00000000e1480000)
  from space 1088K,  81% used [0x00000000e1590000, 0x00000000e166eb10, 0x00000000e16a0000)
  to   space 1088K,   0% used [0x00000000e1480000, 0x00000000e1480000, 0x00000000e1590000)
 tenured generation   total 21888K, used 7007K [0x00000000eb2a0000, 0x00000000ec800000, 0x0000000100000000)
   the space 21888K,  32% used [0x00000000eb2a0000, 0x00000000eb977d70, 0x00000000eb977e00, 0x00000000ec800000)
 Metaspace       used 13901K, capacity 15425K, committed 15744K, reserved 1062912K
  class space    used 1605K, capacity 1827K, committed 1920K, reserved 1048576K
}
Event: 3.565 GC heap before
{Heap before GC invocations=11 (full 0):
 def new generation   total 9792K, used 9594K [0x00000000e0c00000, 0x00000000e16a0000, 0x00000000eb2a0000)
  eden space 8704K, 100% used [0x00000000e0c00000, 0x00000000e1480000, 0x00000000e1480000)
  from space 1088K,  81% used [0x00000000e1590000, 0x00000000e166eb10, 0x00000000e16a0000)
  to   space 1088K,   0% used [0x00000000e1480000, 0x00000000e1480000, 0x00000000e1590000)
 tenured generation   total 21888K, used 7007K [0x00000000eb2a0000, 0x00000000ec800000, 0x0000000100000000)
   the space 21888K,  32% used [0x00000000eb2a0000, 0x00000000eb977d70, 0x00000000eb977e00, 0x00000000ec800000)
 Metaspace       used 13958K, capacity 15489K, committed 15744K, reserved 1062912K
  class space    used 1605K, capacity 1827K, committed 1920K, reserved 1048576K
}
Event: 3.570 GC heap after
{Heap after GC invocations=12 (full 0):
 def new generation   total 9792K, used 882K [0x00000000e0c00000, 0x00000000e16a0000, 0x00000000eb2a0000)
  eden space 8704K,   0% used [0x00000000e0c00000, 0x00000000e0c00000, 0x00000000e1480000)
  from space 1088K,  81% used [0x00000000e1480000, 0x00000000e155c860, 0x00000000e1590000)
  to   space 1088K,   0% used [0x00000000e1590000, 0x00000000e1590000, 0x00000000e16a0000)
 tenured generation   total 21888K, used 7406K [0x00000000eb2a0000, 0x00000000ec800000, 0x0000000100000000)
   the space 21888K,  33% used [0x00000000eb2a0000, 0x00000000eb9dba78, 0x00000000eb9dbc00, 0x00000000ec800000)
 Metaspace       used 13958K, capacity 15489K, committed 15744K, reserved 1062912K
  class space    used 1605K, capacity 1827K, committed 1920K, reserved 1048576K
}
Event: 3.700 GC heap before
{Heap before GC invocations=12 (full 0):
 def new generation   total 9792K, used 9586K [0x00000000e0c00000, 0x00000000e16a0000, 0x00000000eb2a0000)
  eden space 8704K, 100% used [0x00000000e0c00000, 0x00000000e1480000, 0x00000000e1480000)
  from space 1088K,  81% used [0x00000000e1480000, 0x00000000e155c860, 0x00000000e1590000)
  to   space 1088K,   0% used [0x00000000e1590000, 0x00000000e1590000, 0x00000000e16a0000)
 tenured generation   total 21888K, used 7406K [0x00000000eb2a0000, 0x00000000ec800000, 0x0000000100000000)
   the space 21888K,  33% used [0x00000000eb2a0000, 0x00000000eb9dba78, 0x00000000eb9dbc00, 0x00000000ec800000)
 Metaspace       used 14152K, capacity 15697K, committed 16000K, reserved 1062912K
  class space    used 1613K, capacity 1835K, committed 1920K, reserved 1048576K
}
Event: 3.703 GC heap after
{Heap after GC invocations=13 (full 0):
 def new generation   total 9792K, used 916K [0x00000000e0c00000, 0x00000000e16a0000, 0x00000000eb2a0000)
  eden space 8704K,   0% used [0x00000000e0c00000, 0x00000000e0c00000, 0x00000000e1480000)
  from space 1088K,  84% used [0x00000000e1590000, 0x00000000e16752c0, 0x00000000e16a0000)
  to   space 1088K,   0% used [0x00000000e1480000, 0x00000000e1480000, 0x00000000e1590000)
 tenured generation   total 21888K, used 7825K [0x00000000eb2a0000, 0x00000000ec800000, 0x0000000100000000)
   the space 21888K,  35% used [0x00000000eb2a0000, 0x00000000eba44458, 0x00000000eba44600, 0x00000000ec800000)
 Metaspace       used 14152K, capacity 15697K, committed 16000K, reserved 1062912K
  class space    used 1613K, capacity 1835K, committed 1920K, reserved 1048576K
}
Event: 3.974 GC heap before
{Heap before GC invocations=13 (full 0):
 def new generation   total 9792K, used 9620K [0x00000000e0c00000, 0x00000000e16a0000, 0x00000000eb2a0000)
  eden space 8704K, 100% used [0x00000000e0c00000, 0x00000000e1480000, 0x00000000e1480000)
  from space 1088K,  84% used [0x00000000e1590000, 0x00000000e16752c0, 0x00000000e16a0000)
  to   space 1088K,   0% used [0x00000000e1480000, 0x00000000e1480000, 0x00000000e1590000)
 tenured generation   total 21888K, used 7825K [0x00000000eb2a0000, 0x00000000ec800000, 0x0000000100000000)
   the space 21888K,  35% used [0x00000000eb2a0000, 0x00000000eba44458, 0x00000000eba44600, 0x00000000ec800000)
 Metaspace       used 14590K, capacity 16131K, committed 16512K, reserved 1064960K
  class space    used 1639K, capacity 1869K, committed 1920K, reserved 1048576K
}
Event: 3.979 GC heap after
{Heap after GC invocations=14 (full 0):
 def new generation   total 9792K, used 1068K [0x00000000e0c00000, 0x00000000e16a0000, 0x00000000eb2a0000)
  eden space 8704K,   0% used [0x00000000e0c00000, 0x00000000e0c00000, 0x00000000e1480000)
  from space 1088K,  98% used [0x00000000e1480000, 0x00000000e158b200, 0x00000000e1590000)
  to   space 1088K,   0% used [0x00000000e1590000, 0x00000000e1590000, 0x00000000e16a0000)
 tenured generation   total 21888K, used 8206K [0x00000000eb2a0000, 0x00000000ec800000, 0x0000000100000000)
   the space 21888K,  37% used [0x00000000eb2a0000, 0x00000000ebaa3890, 0x00000000ebaa3a00, 0x00000000ec800000)
 Metaspace       used 14590K, capacity 16131K, committed 16512K, reserved 1064960K
  class space    used 1639K, capacity 1869K, committed 1920K, reserved 1048576K
}
Event: 4.142 GC heap before
{Heap before GC invocations=14 (full 0):
 def new generation   total 9792K, used 9772K [0x00000000e0c00000, 0x00000000e16a0000, 0x00000000eb2a0000)
  eden space 8704K, 100% used [0x00000000e0c00000, 0x00000000e1480000, 0x00000000e1480000)
  from space 1088K,  98% used [0x00000000e1480000, 0x00000000e158b200, 0x00000000e1590000)
  to   space 1088K,   0% used [0x00000000e1590000, 0x00000000e1590000, 0x00000000e16a0000)
 tenured generation   total 21888K, used 8206K [0x00000000eb2a0000, 0x00000000ec800000, 0x0000000100000000)
   the space 21888K,  37% used [0x00000000eb2a0000, 0x00000000ebaa3890, 0x00000000ebaa3a00, 0x00000000ec800000)
 Metaspace       used 14997K, capacity 16486K, committed 16768K, reserved 1064960K
  class space    used 1665K, capacity 1902K, committed 1920K, reserved 1048576K
}
Event: 4.146 GC heap after
{Heap after GC invocations=15 (full 0):
 def new generation   total 9792K, used 458K [0x00000000e0c00000, 0x00000000e16a0000, 0x00000000eb2a0000)
  eden space 8704K,   0% used [0x00000000e0c00000, 0x00000000e0c00000, 0x00000000e1480000)
  from space 1088K,  42% used [0x00000000e1590000, 0x00000000e1602ab8, 0x00000000e16a0000)
  to   space 1088K,   0% used [0x00000000e1480000, 0x00000000e1480000, 0x00000000e1590000)
 tenured generation   total 21888K, used 9185K [0x00000000eb2a0000, 0x00000000ec800000, 0x0000000100000000)
   the space 21888K,  41% used [0x00000000eb2a0000, 0x00000000ebb98588, 0x00000000ebb98600, 0x00000000ec800000)
 Metaspace       used 14997K, capacity 16486K, committed 16768K, reserved 1064960K
  class space    used 1665K, capacity 1902K, committed 1920K, reserved 1048576K
}
Event: 4.317 GC heap before
{Heap before GC invocations=15 (full 0):
 def new generation   total 9792K, used 9162K [0x00000000e0c00000, 0x00000000e16a0000, 0x00000000eb2a0000)
  eden space 8704K, 100% used [0x00000000e0c00000, 0x00000000e1480000, 0x00000000e1480000)
  from space 1088K,  42% used [0x00000000e1590000, 0x00000000e1602ab8, 0x00000000e16a0000)
  to   space 1088K,   0% used [0x00000000e1480000, 0x00000000e1480000, 0x00000000e1590000)
 tenured generation   total 21888K, used 9185K [0x00000000eb2a0000, 0x00000000ec800000, 0x0000000100000000)
   the space 21888K,  41% used [0x00000000eb2a0000, 0x00000000ebb98588, 0x00000000ebb98600, 0x00000000ec800000)
 Metaspace       used 15757K, capacity 17266K, committed 17536K, reserved 1064960K
  class space    used 1795K, capacity 2078K, committed 2176K, reserved 1048576K
}
Event: 4.320 GC heap after
{Heap after GC invocations=16 (full 0):
 def new generation   total 9792K, used 903K [0x00000000e0c00000, 0x00000000e16a0000, 0x00000000eb2a0000)
  eden space 8704K,   0% used [0x00000000e0c00000, 0x00000000e0c00000, 0x00000000e1480000)
  from space 1088K,  83% used [0x00000000e1480000, 0x00000000e1561f88, 0x00000000e1590000)
  to   space 1088K,   0% used [0x00000000e1590000, 0x00000000e1590000, 0x00000000e16a0000)
 tenured generation   total 21888K, used 9185K [0x00000000eb2a0000, 0x00000000ec800000, 0x0000000100000000)
   the space 21888K,  41% used [0x00000000eb2a0000, 0x00000000ebb98588, 0x00000000ebb98600, 0x00000000ec800000)
 Metaspace       used 15757K, capacity 17266K, committed 17536K, reserved 1064960K
  class space    used 1795K, capacity 2078K, committed 2176K, reserved 1048576K
}

